{"C:\\Users\\JR\\pep\\projeto event pass\\Booking\\src\\app.ts": {"path":"C:\\Users\\JR\\pep\\projeto event pass\\Booking\\src\\app.ts","statementMap":{"0":{"start":{"line":13,"column":0},"end":{"line":13,"column":null}},"1":{"start":{"line":15,"column":6},"end":{"line":15,"column":null}},"2":{"start":{"line":16,"column":0},"end":{"line":16,"column":null}},"3":{"start":{"line":18,"column":15},"end":{"line":24,"column":null}},"4":{"start":{"line":26,"column":27},"end":{"line":26,"column":null}},"5":{"start":{"line":27,"column":27},"end":{"line":27,"column":null}},"6":{"start":{"line":28,"column":22},"end":{"line":28,"column":null}},"7":{"start":{"line":30,"column":28},"end":{"line":30,"column":null}},"8":{"start":{"line":31,"column":32},"end":{"line":31,"column":null}},"9":{"start":{"line":32,"column":31},"end":{"line":32,"column":null}},"10":{"start":{"line":34,"column":26},"end":{"line":38,"column":null}},"11":{"start":{"line":40,"column":0},"end":{"line":40,"column":null}},"12":{"start":{"line":42,"column":0},"end":{"line":47,"column":null}},"13":{"start":{"line":43,"column":17},"end":{"line":43,"column":null}},"14":{"start":{"line":44,"column":4},"end":{"line":46,"column":null}},"15":{"start":{"line":45,"column":8},"end":{"line":45,"column":null}}},"fnMap":{"0":{"name":"(anonymous_0)","decl":{"start":{"line":44,"column":15},"end":{"line":44,"column":27}},"loc":{"start":{"line":44,"column":27},"end":{"line":46,"column":5}},"line":44}},"branchMap":{"0":{"loc":{"start":{"line":42,"column":0},"end":{"line":47,"column":null}},"type":"if","locations":[{"start":{"line":42,"column":0},"end":{"line":47,"column":null}},{"start":{},"end":{}}],"line":42}},"s":{"0":3,"1":3,"2":3,"3":3,"4":3,"5":3,"6":3,"7":3,"8":3,"9":3,"10":3,"11":3,"12":3,"13":0,"14":0,"15":0},"f":{"0":0},"b":{"0":[0,3]},"meta":{"lastBranch":1,"lastFunction":1,"lastStatement":16,"seen":{"s:13:0:13:Infinity":0,"s:15:6:15:Infinity":1,"s:16:0:16:Infinity":2,"s:18:15:24:Infinity":3,"s:26:27:26:Infinity":4,"s:27:27:27:Infinity":5,"s:28:22:28:Infinity":6,"s:30:28:30:Infinity":7,"s:31:32:31:Infinity":8,"s:32:31:32:Infinity":9,"s:34:26:38:Infinity":10,"s:40:0:40:Infinity":11,"b:42:0:47:Infinity:undefined:undefined:undefined:undefined":0,"s:42:0:47:Infinity":12,"s:43:17:43:Infinity":13,"s:44:4:46:Infinity":14,"f:44:15:44:27":0,"s:45:8:45:Infinity":15},"fnNames":{}}}
,"C:\\Users\\JR\\pep\\projeto event pass\\Booking\\src\\Domain\\Broadcast\\BookingChannels.ts": {"path":"C:\\Users\\JR\\pep\\projeto event pass\\Booking\\src\\Domain\\Broadcast\\BookingChannels.ts","statementMap":{"0":{"start":{"line":1,"column":8},"end":{"line":6,"column":null}},"1":{"start":{"line":2,"column":4},"end":{"line":2,"column":null}},"2":{"start":{"line":3,"column":4},"end":{"line":3,"column":null}},"3":{"start":{"line":4,"column":4},"end":{"line":4,"column":null}},"4":{"start":{"line":5,"column":4},"end":{"line":5,"column":null}}},"fnMap":{"0":{"name":"(anonymous_0)","decl":{"start":{"line":1,"column":8},"end":{"line":1,"column":13}},"loc":{"start":{"line":1,"column":8},"end":{"line":6,"column":null}},"line":1}},"branchMap":{},"s":{"0":6,"1":6,"2":6,"3":6,"4":6},"f":{"0":6},"b":{},"meta":{"lastBranch":0,"lastFunction":1,"lastStatement":5,"seen":{"s:1:8:6:Infinity":0,"f:1:8:1:13":0,"s:2:4:2:Infinity":1,"s:3:4:3:Infinity":2,"s:4:4:4:Infinity":3,"s:5:4:5:Infinity":4},"fnNames":{}}}
,"C:\\Users\\JR\\pep\\projeto event pass\\Booking\\src\\Domain\\entities\\Reserva.ts": {"path":"C:\\Users\\JR\\pep\\projeto event pass\\Booking\\src\\Domain\\entities\\Reserva.ts","statementMap":{"0":{"start":{"line":5,"column":11},"end":{"line":5,"column":null}},"1":{"start":{"line":6,"column":11},"end":{"line":6,"column":null}},"2":{"start":{"line":7,"column":11},"end":{"line":7,"column":null}},"3":{"start":{"line":8,"column":11},"end":{"line":8,"column":null}},"4":{"start":{"line":9,"column":11},"end":{"line":9,"column":null}},"5":{"start":{"line":10,"column":11},"end":{"line":10,"column":35}},"6":{"start":{"line":11,"column":20},"end":{"line":11,"column":null}},"7":{"start":{"line":12,"column":20},"end":{"line":12,"column":37}},"8":{"start":{"line":14,"column":4},"end":{"line":14,"column":null}},"9":{"start":{"line":18,"column":4},"end":{"line":20,"column":null}},"10":{"start":{"line":19,"column":6},"end":{"line":19,"column":null}},"11":{"start":{"line":22,"column":4},"end":{"line":24,"column":null}},"12":{"start":{"line":23,"column":6},"end":{"line":23,"column":null}},"13":{"start":{"line":26,"column":4},"end":{"line":28,"column":null}},"14":{"start":{"line":27,"column":6},"end":{"line":27,"column":null}},"15":{"start":{"line":30,"column":4},"end":{"line":32,"column":null}},"16":{"start":{"line":31,"column":6},"end":{"line":31,"column":null}},"17":{"start":{"line":34,"column":4},"end":{"line":36,"column":null}},"18":{"start":{"line":35,"column":6},"end":{"line":35,"column":null}},"19":{"start":{"line":38,"column":4},"end":{"line":40,"column":null}},"20":{"start":{"line":39,"column":6},"end":{"line":39,"column":null}},"21":{"start":{"line":42,"column":25},"end":{"line":42,"column":null}},"22":{"start":{"line":43,"column":4},"end":{"line":45,"column":null}},"23":{"start":{"line":44,"column":6},"end":{"line":44,"column":null}},"24":{"start":{"line":49,"column":4},"end":{"line":51,"column":null}},"25":{"start":{"line":50,"column":6},"end":{"line":50,"column":null}},"26":{"start":{"line":52,"column":4},"end":{"line":52,"column":null}},"27":{"start":{"line":56,"column":4},"end":{"line":58,"column":null}},"28":{"start":{"line":57,"column":6},"end":{"line":57,"column":null}},"29":{"start":{"line":59,"column":4},"end":{"line":59,"column":null}},"30":{"start":{"line":63,"column":4},"end":{"line":65,"column":null}},"31":{"start":{"line":64,"column":6},"end":{"line":64,"column":null}},"32":{"start":{"line":66,"column":4},"end":{"line":66,"column":null}}},"fnMap":{"0":{"name":"constructor","decl":{"start":{"line":4,"column":2},"end":{"line":4,"column":null}},"loc":{"start":{"line":13,"column":4},"end":{"line":15,"column":null}},"line":13},"1":{"name":"validar","decl":{"start":{"line":17,"column":2},"end":{"line":17,"column":10}},"loc":{"start":{"line":17,"column":26},"end":{"line":46,"column":null}},"line":17},"2":{"name":"confirmar","decl":{"start":{"line":48,"column":2},"end":{"line":48,"column":9}},"loc":{"start":{"line":48,"column":27},"end":{"line":53,"column":null}},"line":48},"3":{"name":"cancelar","decl":{"start":{"line":55,"column":2},"end":{"line":55,"column":9}},"loc":{"start":{"line":55,"column":26},"end":{"line":60,"column":null}},"line":55},"4":{"name":"rejeitar","decl":{"start":{"line":62,"column":2},"end":{"line":62,"column":9}},"loc":{"start":{"line":62,"column":26},"end":{"line":67,"column":null}},"line":62}},"branchMap":{"0":{"loc":{"start":{"line":10,"column":4},"end":{"line":10,"column":null}},"type":"default-arg","locations":[{"start":{"line":10,"column":35},"end":{"line":10,"column":null}}],"line":10},"1":{"loc":{"start":{"line":12,"column":4},"end":{"line":12,"column":null}},"type":"default-arg","locations":[{"start":{"line":12,"column":37},"end":{"line":12,"column":null}}],"line":12},"2":{"loc":{"start":{"line":18,"column":4},"end":{"line":20,"column":null}},"type":"if","locations":[{"start":{"line":18,"column":4},"end":{"line":20,"column":null}},{"start":{},"end":{}}],"line":18},"3":{"loc":{"start":{"line":18,"column":8},"end":{"line":18,"column":46}},"type":"binary-expr","locations":[{"start":{"line":18,"column":8},"end":{"line":18,"column":26}},{"start":{"line":18,"column":26},"end":{"line":18,"column":46}}],"line":18},"4":{"loc":{"start":{"line":22,"column":4},"end":{"line":24,"column":null}},"type":"if","locations":[{"start":{"line":22,"column":4},"end":{"line":24,"column":null}},{"start":{},"end":{}}],"line":22},"5":{"loc":{"start":{"line":22,"column":8},"end":{"line":22,"column":48}},"type":"binary-expr","locations":[{"start":{"line":22,"column":8},"end":{"line":22,"column":27}},{"start":{"line":22,"column":27},"end":{"line":22,"column":48}}],"line":22},"6":{"loc":{"start":{"line":26,"column":4},"end":{"line":28,"column":null}},"type":"if","locations":[{"start":{"line":26,"column":4},"end":{"line":28,"column":null}},{"start":{},"end":{}}],"line":26},"7":{"loc":{"start":{"line":26,"column":8},"end":{"line":26,"column":68}},"type":"binary-expr","locations":[{"start":{"line":26,"column":8},"end":{"line":26,"column":37}},{"start":{"line":26,"column":37},"end":{"line":26,"column":68}}],"line":26},"8":{"loc":{"start":{"line":30,"column":4},"end":{"line":32,"column":null}},"type":"if","locations":[{"start":{"line":30,"column":4},"end":{"line":32,"column":null}},{"start":{},"end":{}}],"line":30},"9":{"loc":{"start":{"line":34,"column":4},"end":{"line":36,"column":null}},"type":"if","locations":[{"start":{"line":34,"column":4},"end":{"line":36,"column":null}},{"start":{},"end":{}}],"line":34},"10":{"loc":{"start":{"line":38,"column":4},"end":{"line":40,"column":null}},"type":"if","locations":[{"start":{"line":38,"column":4},"end":{"line":40,"column":null}},{"start":{},"end":{}}],"line":38},"11":{"loc":{"start":{"line":38,"column":8},"end":{"line":38,"column":47}},"type":"binary-expr","locations":[{"start":{"line":38,"column":8},"end":{"line":38,"column":20}},{"start":{"line":38,"column":20},"end":{"line":38,"column":47}}],"line":38},"12":{"loc":{"start":{"line":43,"column":4},"end":{"line":45,"column":null}},"type":"if","locations":[{"start":{"line":43,"column":4},"end":{"line":45,"column":null}},{"start":{},"end":{}}],"line":43},"13":{"loc":{"start":{"line":49,"column":4},"end":{"line":51,"column":null}},"type":"if","locations":[{"start":{"line":49,"column":4},"end":{"line":51,"column":null}},{"start":{},"end":{}}],"line":49},"14":{"loc":{"start":{"line":56,"column":4},"end":{"line":58,"column":null}},"type":"if","locations":[{"start":{"line":56,"column":4},"end":{"line":58,"column":null}},{"start":{},"end":{}}],"line":56},"15":{"loc":{"start":{"line":63,"column":4},"end":{"line":65,"column":null}},"type":"if","locations":[{"start":{"line":63,"column":4},"end":{"line":65,"column":null}},{"start":{},"end":{}}],"line":63}},"s":{"0":33,"1":33,"2":33,"3":33,"4":33,"5":33,"6":33,"7":33,"8":33,"9":33,"10":3,"11":30,"12":2,"13":28,"14":3,"15":25,"16":2,"17":23,"18":2,"19":21,"20":1,"21":20,"22":20,"23":1,"24":7,"25":1,"26":6,"27":4,"28":1,"29":3,"30":3,"31":1,"32":2},"f":{"0":33,"1":33,"2":7,"3":4,"4":3},"b":{"0":[33],"1":[33],"2":[3,30],"3":[33,30],"4":[2,28],"5":[30,28],"6":[3,25],"7":[28,26],"8":[2,23],"9":[2,21],"10":[1,20],"11":[21,13],"12":[1,19],"13":[1,6],"14":[1,3],"15":[1,2]},"meta":{"lastBranch":16,"lastFunction":5,"lastStatement":33,"seen":{"f:4:2:4:Infinity":0,"b:10:35:10:Infinity":0,"b:12:37:12:Infinity":1,"s:5:11:5:Infinity":0,"s:6:11:6:Infinity":1,"s:7:11:7:Infinity":2,"s:8:11:8:Infinity":3,"s:9:11:9:Infinity":4,"s:10:11:10:35":5,"s:11:20:11:Infinity":6,"s:12:20:12:37":7,"s:14:4:14:Infinity":8,"f:17:2:17:10":1,"b:18:4:20:Infinity:undefined:undefined:undefined:undefined":2,"s:18:4:20:Infinity":9,"b:18:8:18:26:18:26:18:46":3,"s:19:6:19:Infinity":10,"b:22:4:24:Infinity:undefined:undefined:undefined:undefined":4,"s:22:4:24:Infinity":11,"b:22:8:22:27:22:27:22:48":5,"s:23:6:23:Infinity":12,"b:26:4:28:Infinity:undefined:undefined:undefined:undefined":6,"s:26:4:28:Infinity":13,"b:26:8:26:37:26:37:26:68":7,"s:27:6:27:Infinity":14,"b:30:4:32:Infinity:undefined:undefined:undefined:undefined":8,"s:30:4:32:Infinity":15,"s:31:6:31:Infinity":16,"b:34:4:36:Infinity:undefined:undefined:undefined:undefined":9,"s:34:4:36:Infinity":17,"s:35:6:35:Infinity":18,"b:38:4:40:Infinity:undefined:undefined:undefined:undefined":10,"s:38:4:40:Infinity":19,"b:38:8:38:20:38:20:38:47":11,"s:39:6:39:Infinity":20,"s:42:25:42:Infinity":21,"b:43:4:45:Infinity:undefined:undefined:undefined:undefined":12,"s:43:4:45:Infinity":22,"s:44:6:44:Infinity":23,"f:48:2:48:9":2,"b:49:4:51:Infinity:undefined:undefined:undefined:undefined":13,"s:49:4:51:Infinity":24,"s:50:6:50:Infinity":25,"s:52:4:52:Infinity":26,"f:55:2:55:9":3,"b:56:4:58:Infinity:undefined:undefined:undefined:undefined":14,"s:56:4:58:Infinity":27,"s:57:6:57:Infinity":28,"s:59:4:59:Infinity":29,"f:62:2:62:9":4,"b:63:4:65:Infinity:undefined:undefined:undefined:undefined":15,"s:63:4:65:Infinity":30,"s:64:6:64:Infinity":31,"s:66:4:66:Infinity":32},"fnNames":{}}}
,"C:\\Users\\JR\\pep\\projeto event pass\\Booking\\src\\Domain\\errors\\DomainError.ts": {"path":"C:\\Users\\JR\\pep\\projeto event pass\\Booking\\src\\Domain\\errors\\DomainError.ts","statementMap":{"0":{"start":{"line":6,"column":4},"end":{"line":6,"column":null}},"1":{"start":{"line":7,"column":4},"end":{"line":7,"column":null}},"2":{"start":{"line":8,"column":4},"end":{"line":8,"column":null}},"3":{"start":{"line":9,"column":4},"end":{"line":11,"column":null}},"4":{"start":{"line":10,"column":6},"end":{"line":10,"column":null}},"5":{"start":{"line":16,"column":24},"end":{"line":16,"column":null}},"6":{"start":{"line":17,"column":23},"end":{"line":17,"column":null}},"7":{"start":{"line":20,"column":4},"end":{"line":20,"column":null}},"8":{"start":{"line":25,"column":24},"end":{"line":25,"column":null}},"9":{"start":{"line":26,"column":23},"end":{"line":26,"column":null}},"10":{"start":{"line":29,"column":4},"end":{"line":29,"column":null}},"11":{"start":{"line":34,"column":24},"end":{"line":34,"column":null}},"12":{"start":{"line":35,"column":23},"end":{"line":35,"column":null}},"13":{"start":{"line":38,"column":4},"end":{"line":38,"column":null}},"14":{"start":{"line":43,"column":24},"end":{"line":43,"column":null}},"15":{"start":{"line":44,"column":23},"end":{"line":44,"column":null}},"16":{"start":{"line":47,"column":4},"end":{"line":47,"column":null}}},"fnMap":{"0":{"name":"constructor","decl":{"start":{"line":5,"column":2},"end":{"line":5,"column":14}},"loc":{"start":{"line":5,"column":31},"end":{"line":12,"column":null}},"line":5},"1":{"name":"constructor_2","decl":{"start":{"line":19,"column":2},"end":{"line":19,"column":16}},"loc":{"start":{"line":19,"column":16},"end":{"line":21,"column":null}},"line":19},"2":{"name":"constructor_3","decl":{"start":{"line":28,"column":2},"end":{"line":28,"column":16}},"loc":{"start":{"line":28,"column":16},"end":{"line":30,"column":null}},"line":28},"3":{"name":"constructor_4","decl":{"start":{"line":37,"column":2},"end":{"line":37,"column":14}},"loc":{"start":{"line":37,"column":76},"end":{"line":39,"column":null}},"line":37},"4":{"name":"constructor_5","decl":{"start":{"line":46,"column":2},"end":{"line":46,"column":14}},"loc":{"start":{"line":46,"column":93},"end":{"line":48,"column":null}},"line":46}},"branchMap":{"0":{"loc":{"start":{"line":9,"column":4},"end":{"line":11,"column":null}},"type":"if","locations":[{"start":{"line":9,"column":4},"end":{"line":11,"column":null}},{"start":{},"end":{}}],"line":9},"1":{"loc":{"start":{"line":37,"column":14},"end":{"line":37,"column":76}},"type":"default-arg","locations":[{"start":{"line":37,"column":32},"end":{"line":37,"column":76}}],"line":37},"2":{"loc":{"start":{"line":46,"column":14},"end":{"line":46,"column":93}},"type":"default-arg","locations":[{"start":{"line":46,"column":32},"end":{"line":46,"column":93}}],"line":46}},"s":{"0":12,"1":12,"2":12,"3":12,"4":12,"5":2,"6":2,"7":2,"8":1,"9":1,"10":1,"11":5,"12":5,"13":5,"14":1,"15":1,"16":1},"f":{"0":12,"1":2,"2":1,"3":5,"4":1},"b":{"0":[12,0],"1":[5],"2":[1]},"meta":{"lastBranch":3,"lastFunction":5,"lastStatement":17,"seen":{"f:5:2:5:14":0,"s:6:4:6:Infinity":0,"s:7:4:7:Infinity":1,"s:8:4:8:Infinity":2,"b:9:4:11:Infinity:undefined:undefined:undefined:undefined":0,"s:9:4:11:Infinity":3,"s:10:6:10:Infinity":4,"s:16:24:16:Infinity":5,"s:17:23:17:Infinity":6,"f:19:2:19:16":1,"s:20:4:20:Infinity":7,"s:25:24:25:Infinity":8,"s:26:23:26:Infinity":9,"f:28:2:28:16":2,"s:29:4:29:Infinity":10,"s:34:24:34:Infinity":11,"s:35:23:35:Infinity":12,"f:37:2:37:14":3,"b:37:32:37:76":1,"s:38:4:38:Infinity":13,"s:43:24:43:Infinity":14,"s:44:23:44:Infinity":15,"f:46:2:46:14":4,"b:46:32:46:93":2,"s:47:4:47:Infinity":16},"fnNames":{}}}
,"C:\\Users\\JR\\pep\\projeto event pass\\Booking\\src\\application\\useCases\\confirmar-reserva\\ConfirmarReservaUseCase.ts": {"path":"C:\\Users\\JR\\pep\\projeto event pass\\Booking\\src\\application\\useCases\\confirmar-reserva\\ConfirmarReservaUseCase.ts","statementMap":{"0":{"start":{"line":17,"column":16},"end":{"line":17,"column":null}},"1":{"start":{"line":18,"column":16},"end":{"line":18,"column":null}},"2":{"start":{"line":22,"column":24},"end":{"line":22,"column":null}},"3":{"start":{"line":24,"column":8},"end":{"line":26,"column":null}},"4":{"start":{"line":25,"column":12},"end":{"line":25,"column":null}},"5":{"start":{"line":28,"column":8},"end":{"line":28,"column":null}},"6":{"start":{"line":30,"column":8},"end":{"line":30,"column":null}},"7":{"start":{"line":32,"column":8},"end":{"line":39,"column":null}},"8":{"start":{"line":41,"column":8},"end":{"line":45,"column":null}}},"fnMap":{"0":{"name":"constructor","decl":{"start":{"line":16,"column":4},"end":{"line":16,"column":null}},"loc":{"start":{"line":19,"column":6},"end":{"line":19,"column":null}},"line":19},"1":{"name":"executar","decl":{"start":{"line":21,"column":10},"end":{"line":21,"column":19}},"loc":{"start":{"line":21,"column":84},"end":{"line":46,"column":null}},"line":21}},"branchMap":{"0":{"loc":{"start":{"line":24,"column":8},"end":{"line":26,"column":null}},"type":"if","locations":[{"start":{"line":24,"column":8},"end":{"line":26,"column":null}},{"start":{},"end":{}}],"line":24}},"s":{"0":5,"1":5,"2":3,"3":3,"4":1,"5":2,"6":2,"7":2,"8":2},"f":{"0":5,"1":3},"b":{"0":[1,2]},"meta":{"lastBranch":1,"lastFunction":2,"lastStatement":9,"seen":{"f:16:4:16:Infinity":0,"s:17:16:17:Infinity":0,"s:18:16:18:Infinity":1,"f:21:10:21:19":1,"s:22:24:22:Infinity":2,"b:24:8:26:Infinity:undefined:undefined:undefined:undefined":0,"s:24:8:26:Infinity":3,"s:25:12:25:Infinity":4,"s:28:8:28:Infinity":5,"s:30:8:30:Infinity":6,"s:32:8:39:Infinity":7,"s:41:8:45:Infinity":8},"fnNames":{}}}
,"C:\\Users\\JR\\pep\\projeto event pass\\Booking\\src\\application\\useCases\\criar-reserva\\CriarReservaUseCase.ts": {"path":"C:\\Users\\JR\\pep\\projeto event pass\\Booking\\src\\application\\useCases\\criar-reserva\\CriarReservaUseCase.ts","statementMap":{"0":{"start":{"line":12,"column":25},"end":{"line":12,"column":null}},"1":{"start":{"line":13,"column":25},"end":{"line":13,"column":null}},"2":{"start":{"line":14,"column":25},"end":{"line":14,"column":null}},"3":{"start":{"line":18,"column":27},"end":{"line":22,"column":null}},"4":{"start":{"line":24,"column":8},"end":{"line":26,"column":null}},"5":{"start":{"line":25,"column":12},"end":{"line":25,"column":null}},"6":{"start":{"line":28,"column":31},"end":{"line":34,"column":null}},"7":{"start":{"line":36,"column":29},"end":{"line":36,"column":null}},"8":{"start":{"line":38,"column":8},"end":{"line":46,"column":null}},"9":{"start":{"line":48,"column":8},"end":{"line":54,"column":null}}},"fnMap":{"0":{"name":"constructor","decl":{"start":{"line":11,"column":4},"end":{"line":11,"column":null}},"loc":{"start":{"line":15,"column":6},"end":{"line":15,"column":null}},"line":15},"1":{"name":"executar","decl":{"start":{"line":17,"column":10},"end":{"line":17,"column":19}},"loc":{"start":{"line":17,"column":76},"end":{"line":55,"column":null}},"line":17}},"branchMap":{"0":{"loc":{"start":{"line":24,"column":8},"end":{"line":26,"column":null}},"type":"if","locations":[{"start":{"line":24,"column":8},"end":{"line":26,"column":null}},{"start":{},"end":{}}],"line":24}},"s":{"0":5,"1":5,"2":5,"3":3,"4":3,"5":1,"6":2,"7":2,"8":2,"9":2},"f":{"0":5,"1":3},"b":{"0":[1,2]},"meta":{"lastBranch":1,"lastFunction":2,"lastStatement":10,"seen":{"f:11:4:11:Infinity":0,"s:12:25:12:Infinity":0,"s:13:25:13:Infinity":1,"s:14:25:14:Infinity":2,"f:17:10:17:19":1,"s:18:27:22:Infinity":3,"b:24:8:26:Infinity:undefined:undefined:undefined:undefined":0,"s:24:8:26:Infinity":4,"s:25:12:25:Infinity":5,"s:28:31:34:Infinity":6,"s:36:29:36:Infinity":7,"s:38:8:46:Infinity":8,"s:48:8:54:Infinity":9},"fnNames":{}}}
,"C:\\Users\\JR\\pep\\projeto event pass\\Booking\\src\\application\\useCases\\rejeitar-reserva\\RejeitarReservaUseCase.ts": {"path":"C:\\Users\\JR\\pep\\projeto event pass\\Booking\\src\\application\\useCases\\rejeitar-reserva\\RejeitarReservaUseCase.ts","statementMap":{"0":{"start":{"line":17,"column":16},"end":{"line":17,"column":null}},"1":{"start":{"line":18,"column":16},"end":{"line":18,"column":null}},"2":{"start":{"line":22,"column":24},"end":{"line":22,"column":null}},"3":{"start":{"line":24,"column":8},"end":{"line":26,"column":null}},"4":{"start":{"line":25,"column":12},"end":{"line":25,"column":null}},"5":{"start":{"line":28,"column":8},"end":{"line":28,"column":null}},"6":{"start":{"line":30,"column":8},"end":{"line":30,"column":null}},"7":{"start":{"line":32,"column":8},"end":{"line":39,"column":null}},"8":{"start":{"line":41,"column":8},"end":{"line":45,"column":null}}},"fnMap":{"0":{"name":"constructor","decl":{"start":{"line":16,"column":4},"end":{"line":16,"column":null}},"loc":{"start":{"line":19,"column":6},"end":{"line":19,"column":null}},"line":19},"1":{"name":"executar","decl":{"start":{"line":21,"column":10},"end":{"line":21,"column":19}},"loc":{"start":{"line":21,"column":82},"end":{"line":46,"column":null}},"line":21}},"branchMap":{"0":{"loc":{"start":{"line":24,"column":8},"end":{"line":26,"column":null}},"type":"if","locations":[{"start":{"line":24,"column":8},"end":{"line":26,"column":null}},{"start":{},"end":{}}],"line":24}},"s":{"0":5,"1":5,"2":2,"3":2,"4":1,"5":1,"6":1,"7":1,"8":1},"f":{"0":5,"1":2},"b":{"0":[1,1]},"meta":{"lastBranch":1,"lastFunction":2,"lastStatement":9,"seen":{"f:16:4:16:Infinity":0,"s:17:16:17:Infinity":0,"s:18:16:18:Infinity":1,"f:21:10:21:19":1,"s:22:24:22:Infinity":2,"b:24:8:26:Infinity:undefined:undefined:undefined:undefined":0,"s:24:8:26:Infinity":3,"s:25:12:25:Infinity":4,"s:28:8:28:Infinity":5,"s:30:8:30:Infinity":6,"s:32:8:39:Infinity":7,"s:41:8:45:Infinity":8},"fnNames":{}}}
,"C:\\Users\\JR\\pep\\projeto event pass\\Booking\\src\\infrastructure\\Broadcast\\PrismaBookingService.ts": {"path":"C:\\Users\\JR\\pep\\projeto event pass\\Booking\\src\\infrastructure\\Broadcast\\PrismaBookingService.ts","statementMap":{"0":{"start":{"line":9,"column":25},"end":{"line":9,"column":null}},"1":{"start":{"line":11,"column":8},"end":{"line":13,"column":null}},"2":{"start":{"line":12,"column":12},"end":{"line":12,"column":null}},"3":{"start":{"line":15,"column":8},"end":{"line":17,"column":null}},"4":{"start":{"line":19,"column":8},"end":{"line":21,"column":null}},"5":{"start":{"line":20,"column":12},"end":{"line":20,"column":null}},"6":{"start":{"line":25,"column":8},"end":{"line":27,"column":null}},"7":{"start":{"line":26,"column":12},"end":{"line":26,"column":null}},"8":{"start":{"line":29,"column":8},"end":{"line":29,"column":null}}},"fnMap":{"0":{"name":"constructor","decl":{"start":{"line":8,"column":4},"end":{"line":8,"column":18}},"loc":{"start":{"line":8,"column":18},"end":{"line":22,"column":null}},"line":8},"1":{"name":"(anonymous_1)","decl":{"start":{"line":19,"column":23},"end":{"line":19,"column":33}},"loc":{"start":{"line":19,"column":41},"end":{"line":21,"column":9}},"line":19},"2":{"name":"publish","decl":{"start":{"line":24,"column":10},"end":{"line":24,"column":18}},"loc":{"start":{"line":24,"column":67},"end":{"line":30,"column":null}},"line":24}},"branchMap":{"0":{"loc":{"start":{"line":11,"column":8},"end":{"line":13,"column":null}},"type":"if","locations":[{"start":{"line":11,"column":8},"end":{"line":13,"column":null}},{"start":{},"end":{}}],"line":11},"1":{"loc":{"start":{"line":25,"column":8},"end":{"line":27,"column":null}},"type":"if","locations":[{"start":{"line":25,"column":8},"end":{"line":27,"column":null}},{"start":{},"end":{}}],"line":25}},"s":{"0":5,"1":5,"2":1,"3":4,"4":4,"5":0,"6":2,"7":2,"8":2},"f":{"0":5,"1":0,"2":2},"b":{"0":[1,4],"1":[2,0]},"meta":{"lastBranch":2,"lastFunction":3,"lastStatement":9,"seen":{"f:8:4:8:18":0,"s:9:25:9:Infinity":0,"b:11:8:13:Infinity:undefined:undefined:undefined:undefined":0,"s:11:8:13:Infinity":1,"s:12:12:12:Infinity":2,"s:15:8:17:Infinity":3,"s:19:8:21:Infinity":4,"f:19:23:19:33":1,"s:20:12:20:Infinity":5,"f:24:10:24:18":2,"b:25:8:27:Infinity:undefined:undefined:undefined:undefined":1,"s:25:8:27:Infinity":6,"s:26:12:26:Infinity":7,"s:29:8:29:Infinity":8},"fnNames":{}}}
,"C:\\Users\\JR\\pep\\projeto event pass\\Booking\\src\\infrastructure\\Database\\PrismaReservaRepository.ts": {"path":"C:\\Users\\JR\\pep\\projeto event pass\\Booking\\src\\infrastructure\\Database\\PrismaReservaRepository.ts","statementMap":{"0":{"start":{"line":6,"column":24},"end":{"line":6,"column":46}},"1":{"start":{"line":9,"column":26},"end":{"line":19,"column":null}},"2":{"start":{"line":20,"column":8},"end":{"line":29,"column":null}},"3":{"start":{"line":33,"column":26},"end":{"line":35,"column":null}},"4":{"start":{"line":37,"column":8},"end":{"line":37,"column":null}},"5":{"start":{"line":37,"column":24},"end":{"line":37,"column":null}},"6":{"start":{"line":39,"column":8},"end":{"line":48,"column":null}},"7":{"start":{"line":52,"column":8},"end":{"line":55,"column":null}},"8":{"start":{"line":59,"column":27},"end":{"line":61,"column":null}},"9":{"start":{"line":63,"column":8},"end":{"line":72,"column":null}},"10":{"start":{"line":63,"column":43},"end":{"line":72,"column":9}}},"fnMap":{"0":{"name":"constructor","decl":{"start":{"line":6,"column":4},"end":{"line":6,"column":16}},"loc":{"start":{"line":6,"column":46},"end":{"line":6,"column":null}},"line":6},"1":{"name":"criar","decl":{"start":{"line":8,"column":10},"end":{"line":8,"column":16}},"loc":{"start":{"line":8,"column":52},"end":{"line":30,"column":null}},"line":8},"2":{"name":"buscarPorId","decl":{"start":{"line":32,"column":10},"end":{"line":32,"column":22}},"loc":{"start":{"line":32,"column":59},"end":{"line":49,"column":null}},"line":32},"3":{"name":"atualizarStatus","decl":{"start":{"line":51,"column":10},"end":{"line":51,"column":26}},"loc":{"start":{"line":51,"column":76},"end":{"line":56,"column":null}},"line":51},"4":{"name":"buscarPorUsuarioId","decl":{"start":{"line":58,"column":10},"end":{"line":58,"column":29}},"loc":{"start":{"line":58,"column":68},"end":{"line":73,"column":null}},"line":58},"5":{"name":"(anonymous_5)","decl":{"start":{"line":63,"column":26},"end":{"line":63,"column":30}},"loc":{"start":{"line":63,"column":43},"end":{"line":72,"column":9}},"line":63}},"branchMap":{"0":{"loc":{"start":{"line":37,"column":8},"end":{"line":37,"column":null}},"type":"if","locations":[{"start":{"line":37,"column":8},"end":{"line":37,"column":null}},{"start":{},"end":{}}],"line":37}},"s":{"0":7,"1":1,"2":1,"3":3,"4":3,"5":1,"6":2,"7":2,"8":1,"9":1,"10":1},"f":{"0":7,"1":1,"2":3,"3":2,"4":1,"5":1},"b":{"0":[1,2]},"meta":{"lastBranch":1,"lastFunction":6,"lastStatement":11,"seen":{"f:6:4:6:16":0,"s:6:24:6:46":0,"f:8:10:8:16":1,"s:9:26:19:Infinity":1,"s:20:8:29:Infinity":2,"f:32:10:32:22":2,"s:33:26:35:Infinity":3,"b:37:8:37:Infinity:undefined:undefined:undefined:undefined":0,"s:37:8:37:Infinity":4,"s:37:24:37:Infinity":5,"s:39:8:48:Infinity":6,"f:51:10:51:26":3,"s:52:8:55:Infinity":7,"f:58:10:58:29":4,"s:59:27:61:Infinity":8,"s:63:8:72:Infinity":9,"f:63:26:63:30":5,"s:63:43:72:9":10},"fnNames":{}}}
,"C:\\Users\\JR\\pep\\projeto event pass\\Booking\\src\\infrastructure\\Services\\ExternalEventService.ts": {"path":"C:\\Users\\JR\\pep\\projeto event pass\\Booking\\src\\infrastructure\\Services\\ExternalEventService.ts","statementMap":{"0":{"start":{"line":5,"column":8},"end":{"line":5,"column":null}}},"fnMap":{"0":{"name":"verificarDisponibilidade","decl":{"start":{"line":4,"column":10},"end":{"line":4,"column":35}},"loc":{"start":{"line":4,"column":105},"end":{"line":6,"column":null}},"line":4}},"branchMap":{},"s":{"0":0},"f":{"0":0},"b":{},"meta":{"lastBranch":0,"lastFunction":1,"lastStatement":1,"seen":{"f:4:10:4:35":0,"s:5:8:5:Infinity":0},"fnNames":{}}}
,"C:\\Users\\JR\\pep\\projeto event pass\\Booking\\src\\infrastructure\\config\\configuracao.ts": {"path":"C:\\Users\\JR\\pep\\projeto event pass\\Booking\\src\\infrastructure\\config\\configuracao.ts","statementMap":{"0":{"start":{"line":4,"column":0},"end":{"line":8,"column":null}},"1":{"start":{"line":5,"column":4},"end":{"line":5,"column":null}},"2":{"start":{"line":7,"column":4},"end":{"line":7,"column":null}},"3":{"start":{"line":16,"column":4},"end":{"line":16,"column":null}},"4":{"start":{"line":18,"column":28},"end":{"line":24,"column":null}},"5":{"start":{"line":26,"column":13},"end":{"line":39,"column":null}},"6":{"start":{"line":27,"column":31},"end":{"line":32,"column":null}},"7":{"start":{"line":34,"column":4},"end":{"line":38,"column":null}},"8":{"start":{"line":35,"column":8},"end":{"line":37,"column":null}},"9":{"start":{"line":36,"column":12},"end":{"line":36,"column":null}}},"fnMap":{"0":{"name":"(anonymous_0)","decl":{"start":{"line":26,"column":13},"end":{"line":26,"column":47}},"loc":{"start":{"line":26,"column":47},"end":{"line":39,"column":null}},"line":26}},"branchMap":{"0":{"loc":{"start":{"line":4,"column":0},"end":{"line":8,"column":null}},"type":"if","locations":[{"start":{"line":4,"column":0},"end":{"line":8,"column":null}},{"start":{"line":6,"column":7},"end":{"line":8,"column":null}}],"line":4},"1":{"loc":{"start":{"line":23,"column":14},"end":{"line":23,"column":null}},"type":"binary-expr","locations":[{"start":{"line":23,"column":14},"end":{"line":23,"column":26}},{"start":{"line":23,"column":26},"end":{"line":23,"column":null}}],"line":23},"2":{"loc":{"start":{"line":35,"column":8},"end":{"line":37,"column":null}},"type":"if","locations":[{"start":{"line":35,"column":8},"end":{"line":37,"column":null}},{"start":{},"end":{}}],"line":35}},"s":{"0":6,"1":6,"2":0,"3":6,"4":6,"5":6,"6":3,"7":3,"8":12,"9":0},"f":{"0":3},"b":{"0":[6,0],"1":[6,0],"2":[0,12]},"meta":{"lastBranch":3,"lastFunction":1,"lastStatement":10,"seen":{"b:4:0:8:Infinity:6:7:8:Infinity":0,"s:4:0:8:Infinity":0,"s:5:4:5:Infinity":1,"s:7:4:7:Infinity":2,"s:16:4:16:Infinity":3,"s:18:28:24:Infinity":4,"b:23:14:23:26:23:26:23:Infinity":1,"s:26:13:39:Infinity":5,"f:26:13:26:47":0,"s:27:31:32:Infinity":6,"s:34:4:38:Infinity":7,"b:35:8:37:Infinity:undefined:undefined:undefined:undefined":2,"s:35:8:37:Infinity":8,"s:36:12:36:Infinity":9},"fnNames":{}}}
,"C:\\Users\\JR\\pep\\projeto event pass\\Booking\\src\\infrastructure\\http\\Middleware\\AuthMiddleware.ts": {"path":"C:\\Users\\JR\\pep\\projeto event pass\\Booking\\src\\infrastructure\\http\\Middleware\\AuthMiddleware.ts","statementMap":{"0":{"start":{"line":5,"column":13},"end":{"line":38,"column":null}},"1":{"start":{"line":6,"column":23},"end":{"line":6,"column":null}},"2":{"start":{"line":8,"column":4},"end":{"line":10,"column":null}},"3":{"start":{"line":9,"column":8},"end":{"line":9,"column":null}},"4":{"start":{"line":12,"column":28},"end":{"line":12,"column":null}},"5":{"start":{"line":14,"column":4},"end":{"line":16,"column":null}},"6":{"start":{"line":15,"column":8},"end":{"line":15,"column":null}},"7":{"start":{"line":18,"column":4},"end":{"line":37,"column":null}},"8":{"start":{"line":19,"column":23},"end":{"line":19,"column":null}},"9":{"start":{"line":21,"column":8},"end":{"line":24,"column":null}},"10":{"start":{"line":22,"column":12},"end":{"line":22,"column":null}},"11":{"start":{"line":23,"column":12},"end":{"line":23,"column":null}},"12":{"start":{"line":26,"column":24},"end":{"line":26,"column":null}},"13":{"start":{"line":28,"column":21},"end":{"line":28,"column":null}},"14":{"start":{"line":29,"column":8},"end":{"line":31,"column":null}},"15":{"start":{"line":30,"column":12},"end":{"line":30,"column":null}},"16":{"start":{"line":33,"column":8},"end":{"line":33,"column":null}},"17":{"start":{"line":34,"column":8},"end":{"line":34,"column":null}},"18":{"start":{"line":36,"column":8},"end":{"line":36,"column":null}}},"fnMap":{"0":{"name":"(anonymous_0)","decl":{"start":{"line":5,"column":13},"end":{"line":5,"column":31}},"loc":{"start":{"line":5,"column":83},"end":{"line":38,"column":null}},"line":5}},"branchMap":{"0":{"loc":{"start":{"line":8,"column":4},"end":{"line":10,"column":null}},"type":"if","locations":[{"start":{"line":8,"column":4},"end":{"line":10,"column":null}},{"start":{},"end":{}}],"line":8},"1":{"loc":{"start":{"line":14,"column":4},"end":{"line":16,"column":null}},"type":"if","locations":[{"start":{"line":14,"column":4},"end":{"line":16,"column":null}},{"start":{},"end":{}}],"line":14},"2":{"loc":{"start":{"line":14,"column":8},"end":{"line":14,"column":39}},"type":"binary-expr","locations":[{"start":{"line":14,"column":8},"end":{"line":14,"column":31}},{"start":{"line":14,"column":31},"end":{"line":14,"column":39}}],"line":14},"3":{"loc":{"start":{"line":21,"column":8},"end":{"line":24,"column":null}},"type":"if","locations":[{"start":{"line":21,"column":8},"end":{"line":24,"column":null}},{"start":{},"end":{}}],"line":21},"4":{"loc":{"start":{"line":29,"column":8},"end":{"line":31,"column":null}},"type":"if","locations":[{"start":{"line":29,"column":8},"end":{"line":31,"column":null}},{"start":{},"end":{}}],"line":29}},"s":{"0":4,"1":7,"2":7,"3":2,"4":5,"5":5,"6":1,"7":4,"8":4,"9":4,"10":1,"11":1,"12":3,"13":3,"14":7,"15":1,"16":2,"17":2,"18":0},"f":{"0":7},"b":{"0":[2,5],"1":[1,4],"2":[5,4],"3":[1,3],"4":[1,6]},"meta":{"lastBranch":5,"lastFunction":1,"lastStatement":19,"seen":{"s:5:13:38:Infinity":0,"f:5:13:5:31":0,"s:6:23:6:Infinity":1,"b:8:4:10:Infinity:undefined:undefined:undefined:undefined":0,"s:8:4:10:Infinity":2,"s:9:8:9:Infinity":3,"s:12:28:12:Infinity":4,"b:14:4:16:Infinity:undefined:undefined:undefined:undefined":1,"s:14:4:16:Infinity":5,"b:14:8:14:31:14:31:14:39":2,"s:15:8:15:Infinity":6,"s:18:4:37:Infinity":7,"s:19:23:19:Infinity":8,"b:21:8:24:Infinity:undefined:undefined:undefined:undefined":3,"s:21:8:24:Infinity":9,"s:22:12:22:Infinity":10,"s:23:12:23:Infinity":11,"s:26:24:26:Infinity":12,"s:28:21:28:Infinity":13,"b:29:8:31:Infinity:undefined:undefined:undefined:undefined":4,"s:29:8:31:Infinity":14,"s:30:12:30:Infinity":15,"s:33:8:33:Infinity":16,"s:34:8:34:Infinity":17,"s:36:8:36:Infinity":18},"fnNames":{}}}
,"C:\\Users\\JR\\pep\\projeto event pass\\Booking\\src\\infrastructure\\http\\Middleware\\BookingMiddleware.ts": {"path":"C:\\Users\\JR\\pep\\projeto event pass\\Booking\\src\\infrastructure\\http\\Middleware\\BookingMiddleware.ts","statementMap":{"0":{"start":{"line":2,"column":73},"end":{"line":2,"column":null}},"1":{"start":{"line":4,"column":37},"end":{"line":25,"column":null}},"2":{"start":{"line":5,"column":19},"end":{"line":5,"column":null}},"3":{"start":{"line":7,"column":4},"end":{"line":9,"column":null}},"4":{"start":{"line":8,"column":8},"end":{"line":8,"column":null}},"5":{"start":{"line":11,"column":4},"end":{"line":24,"column":null}},"6":{"start":{"line":12,"column":24},"end":{"line":14,"column":null}},"7":{"start":{"line":16,"column":8},"end":{"line":18,"column":null}},"8":{"start":{"line":17,"column":12},"end":{"line":17,"column":null}},"9":{"start":{"line":20,"column":8},"end":{"line":20,"column":null}},"10":{"start":{"line":21,"column":8},"end":{"line":21,"column":null}},"11":{"start":{"line":23,"column":8},"end":{"line":23,"column":null}}},"fnMap":{"0":{"name":"(anonymous_0)","decl":{"start":{"line":4,"column":37},"end":{"line":4,"column":44}},"loc":{"start":{"line":4,"column":96},"end":{"line":25,"column":null}},"line":4}},"branchMap":{"0":{"loc":{"start":{"line":7,"column":4},"end":{"line":9,"column":null}},"type":"if","locations":[{"start":{"line":7,"column":4},"end":{"line":9,"column":null}},{"start":{},"end":{}}],"line":7},"1":{"loc":{"start":{"line":7,"column":8},"end":{"line":7,"column":34}},"type":"binary-expr","locations":[{"start":{"line":7,"column":8},"end":{"line":7,"column":15}},{"start":{"line":7,"column":15},"end":{"line":7,"column":34}}],"line":7},"2":{"loc":{"start":{"line":16,"column":8},"end":{"line":18,"column":null}},"type":"if","locations":[{"start":{"line":16,"column":8},"end":{"line":18,"column":null}},{"start":{},"end":{}}],"line":16}},"s":{"0":6,"1":6,"2":6,"3":6,"4":1,"5":5,"6":5,"7":5,"8":2,"9":3,"10":3,"11":0},"f":{"0":6},"b":{"0":[1,5],"1":[6,5],"2":[2,3]},"meta":{"lastBranch":3,"lastFunction":1,"lastStatement":12,"seen":{"s:2:73:2:Infinity":0,"s:4:37:25:Infinity":1,"f:4:37:4:44":0,"s:5:19:5:Infinity":2,"b:7:4:9:Infinity:undefined:undefined:undefined:undefined":0,"s:7:4:9:Infinity":3,"b:7:8:7:15:7:15:7:34":1,"s:8:8:8:Infinity":4,"s:11:4:24:Infinity":5,"s:12:24:14:Infinity":6,"b:16:8:18:Infinity:undefined:undefined:undefined:undefined":2,"s:16:8:18:Infinity":7,"s:17:12:17:Infinity":8,"s:20:8:20:Infinity":9,"s:21:8:21:Infinity":10,"s:23:8:23:Infinity":11},"fnNames":{}}}
,"C:\\Users\\JR\\pep\\projeto event pass\\Booking\\src\\infrastructure\\http\\Middleware\\ValidationMiddleware.ts": {"path":"C:\\Users\\JR\\pep\\projeto event pass\\Booking\\src\\infrastructure\\http\\Middleware\\ValidationMiddleware.ts","statementMap":{"0":{"start":{"line":4,"column":13},"end":{"line":24,"column":null}},"1":{"start":{"line":4,"column":25},"end":{"line":24,"column":null}},"2":{"start":{"line":5,"column":4},"end":{"line":23,"column":null}},"3":{"start":{"line":6,"column":8},"end":{"line":10,"column":null}},"4":{"start":{"line":11,"column":8},"end":{"line":11,"column":null}},"5":{"start":{"line":13,"column":8},"end":{"line":21,"column":null}},"6":{"start":{"line":14,"column":12},"end":{"line":20,"column":null}},"7":{"start":{"line":16,"column":50},"end":{"line":19,"column":18}},"8":{"start":{"line":22,"column":8},"end":{"line":22,"column":null}}},"fnMap":{"0":{"name":"(anonymous_0)","decl":{"start":{"line":4,"column":13},"end":{"line":4,"column":25}},"loc":{"start":{"line":4,"column":25},"end":{"line":24,"column":null}},"line":4},"1":{"name":"(anonymous_1)","decl":{"start":{"line":4,"column":25},"end":{"line":4,"column":51}},"loc":{"start":{"line":4,"column":103},"end":{"line":24,"column":null}},"line":4},"2":{"name":"(anonymous_2)","decl":{"start":{"line":16,"column":38},"end":{"line":16,"column":42}},"loc":{"start":{"line":16,"column":50},"end":{"line":19,"column":18}},"line":16}},"branchMap":{"0":{"loc":{"start":{"line":13,"column":8},"end":{"line":21,"column":null}},"type":"if","locations":[{"start":{"line":13,"column":8},"end":{"line":21,"column":null}},{"start":{},"end":{}}],"line":13}},"s":{"0":4,"1":5,"2":3,"3":3,"4":3,"5":1,"6":1,"7":1,"8":0},"f":{"0":5,"1":3,"2":1},"b":{"0":[1,0]},"meta":{"lastBranch":1,"lastFunction":3,"lastStatement":9,"seen":{"s:4:13:24:Infinity":0,"f:4:13:4:25":0,"s:4:25:24:Infinity":1,"f:4:25:4:51":1,"s:5:4:23:Infinity":2,"s:6:8:10:Infinity":3,"s:11:8:11:Infinity":4,"b:13:8:21:Infinity:undefined:undefined:undefined:undefined":0,"s:13:8:21:Infinity":5,"s:14:12:20:Infinity":6,"f:16:38:16:42":2,"s:16:50:19:18":7,"s:22:8:22:Infinity":8},"fnNames":{}}}
,"C:\\Users\\JR\\pep\\projeto event pass\\Booking\\src\\infrastructure\\http\\controllers\\ReservaController.ts": {"path":"C:\\Users\\JR\\pep\\projeto event pass\\Booking\\src\\infrastructure\\http\\controllers\\ReservaController.ts","statementMap":{"0":{"start":{"line":10,"column":25},"end":{"line":10,"column":null}},"1":{"start":{"line":11,"column":25},"end":{"line":11,"column":null}},"2":{"start":{"line":12,"column":25},"end":{"line":12,"column":null}},"3":{"start":{"line":16,"column":8},"end":{"line":40,"column":null}},"4":{"start":{"line":17,"column":29},"end":{"line":17,"column":null}},"5":{"start":{"line":18,"column":12},"end":{"line":20,"column":null}},"6":{"start":{"line":19,"column":16},"end":{"line":19,"column":null}},"7":{"start":{"line":22,"column":75},"end":{"line":22,"column":null}},"8":{"start":{"line":24,"column":47},"end":{"line":30,"column":null}},"9":{"start":{"line":32,"column":26},"end":{"line":32,"column":null}},"10":{"start":{"line":33,"column":12},"end":{"line":33,"column":null}},"11":{"start":{"line":36,"column":12},"end":{"line":38,"column":null}},"12":{"start":{"line":37,"column":16},"end":{"line":37,"column":null}},"13":{"start":{"line":39,"column":12},"end":{"line":39,"column":null}},"14":{"start":{"line":44,"column":8},"end":{"line":58,"column":null}},"15":{"start":{"line":45,"column":29},"end":{"line":45,"column":null}},"16":{"start":{"line":46,"column":12},"end":{"line":48,"column":null}},"17":{"start":{"line":47,"column":16},"end":{"line":47,"column":null}},"18":{"start":{"line":50,"column":26},"end":{"line":50,"column":null}},"19":{"start":{"line":51,"column":12},"end":{"line":51,"column":null}},"20":{"start":{"line":54,"column":12},"end":{"line":56,"column":null}},"21":{"start":{"line":55,"column":16},"end":{"line":55,"column":null}},"22":{"start":{"line":57,"column":12},"end":{"line":57,"column":70}},"23":{"start":{"line":57,"column":70},"end":{"line":57,"column":null}},"24":{"start":{"line":62,"column":8},"end":{"line":76,"column":null}},"25":{"start":{"line":63,"column":29},"end":{"line":63,"column":null}},"26":{"start":{"line":64,"column":12},"end":{"line":66,"column":null}},"27":{"start":{"line":65,"column":16},"end":{"line":65,"column":null}},"28":{"start":{"line":68,"column":26},"end":{"line":68,"column":null}},"29":{"start":{"line":69,"column":12},"end":{"line":69,"column":null}},"30":{"start":{"line":72,"column":12},"end":{"line":74,"column":null}},"31":{"start":{"line":73,"column":16},"end":{"line":73,"column":null}},"32":{"start":{"line":75,"column":12},"end":{"line":75,"column":70}},"33":{"start":{"line":75,"column":70},"end":{"line":75,"column":null}}},"fnMap":{"0":{"name":"constructor","decl":{"start":{"line":9,"column":4},"end":{"line":9,"column":null}},"loc":{"start":{"line":13,"column":6},"end":{"line":13,"column":null}},"line":13},"1":{"name":"Criar","decl":{"start":{"line":15,"column":10},"end":{"line":15,"column":16}},"loc":{"start":{"line":15,"column":64},"end":{"line":41,"column":null}},"line":15},"2":{"name":"Confirmar","decl":{"start":{"line":43,"column":10},"end":{"line":43,"column":20}},"loc":{"start":{"line":43,"column":68},"end":{"line":59,"column":null}},"line":43},"3":{"name":"Rejeitar","decl":{"start":{"line":61,"column":10},"end":{"line":61,"column":19}},"loc":{"start":{"line":61,"column":67},"end":{"line":77,"column":null}},"line":61}},"branchMap":{"0":{"loc":{"start":{"line":18,"column":12},"end":{"line":20,"column":null}},"type":"if","locations":[{"start":{"line":18,"column":12},"end":{"line":20,"column":null}},{"start":{},"end":{}}],"line":18},"1":{"loc":{"start":{"line":36,"column":12},"end":{"line":38,"column":null}},"type":"if","locations":[{"start":{"line":36,"column":12},"end":{"line":38,"column":null}},{"start":{},"end":{}}],"line":36},"2":{"loc":{"start":{"line":39,"column":48},"end":{"line":39,"column":86}},"type":"binary-expr","locations":[{"start":{"line":39,"column":48},"end":{"line":39,"column":64}},{"start":{"line":39,"column":64},"end":{"line":39,"column":86}}],"line":39},"3":{"loc":{"start":{"line":46,"column":12},"end":{"line":48,"column":null}},"type":"if","locations":[{"start":{"line":46,"column":12},"end":{"line":48,"column":null}},{"start":{},"end":{}}],"line":46},"4":{"loc":{"start":{"line":46,"column":16},"end":{"line":46,"column":58}},"type":"binary-expr","locations":[{"start":{"line":46,"column":16},"end":{"line":46,"column":28}},{"start":{"line":46,"column":28},"end":{"line":46,"column":58}}],"line":46},"5":{"loc":{"start":{"line":54,"column":12},"end":{"line":56,"column":null}},"type":"if","locations":[{"start":{"line":54,"column":12},"end":{"line":56,"column":null}},{"start":{},"end":{}}],"line":54},"6":{"loc":{"start":{"line":57,"column":106},"end":{"line":57,"column":150}},"type":"binary-expr","locations":[{"start":{"line":57,"column":106},"end":{"line":57,"column":122}},{"start":{"line":57,"column":122},"end":{"line":57,"column":150}}],"line":57},"7":{"loc":{"start":{"line":64,"column":12},"end":{"line":66,"column":null}},"type":"if","locations":[{"start":{"line":64,"column":12},"end":{"line":66,"column":null}},{"start":{},"end":{}}],"line":64},"8":{"loc":{"start":{"line":64,"column":16},"end":{"line":64,"column":58}},"type":"binary-expr","locations":[{"start":{"line":64,"column":16},"end":{"line":64,"column":28}},{"start":{"line":64,"column":28},"end":{"line":64,"column":58}}],"line":64},"9":{"loc":{"start":{"line":72,"column":12},"end":{"line":74,"column":null}},"type":"if","locations":[{"start":{"line":72,"column":12},"end":{"line":74,"column":null}},{"start":{},"end":{}}],"line":72},"10":{"loc":{"start":{"line":75,"column":106},"end":{"line":75,"column":150}},"type":"binary-expr","locations":[{"start":{"line":75,"column":106},"end":{"line":75,"column":122}},{"start":{"line":75,"column":122},"end":{"line":75,"column":150}}],"line":75}},"s":{"0":15,"1":15,"2":15,"3":5,"4":5,"5":5,"6":1,"7":4,"8":4,"9":4,"10":2,"11":2,"12":1,"13":1,"14":6,"15":6,"16":6,"17":2,"18":4,"19":2,"20":4,"21":3,"22":1,"23":1,"24":4,"25":4,"26":4,"27":1,"28":3,"29":1,"30":3,"31":2,"32":1,"33":1},"f":{"0":15,"1":5,"2":6,"3":4},"b":{"0":[1,4],"1":[1,1],"2":[1,0],"3":[2,4],"4":[6,6],"5":[3,1],"6":[1,0],"7":[1,3],"8":[4,4],"9":[2,1],"10":[1,0]},"meta":{"lastBranch":11,"lastFunction":4,"lastStatement":34,"seen":{"f:9:4:9:Infinity":0,"s:10:25:10:Infinity":0,"s:11:25:11:Infinity":1,"s:12:25:12:Infinity":2,"f:15:10:15:16":1,"s:16:8:40:Infinity":3,"s:17:29:17:Infinity":4,"b:18:12:20:Infinity:undefined:undefined:undefined:undefined":0,"s:18:12:20:Infinity":5,"s:19:16:19:Infinity":6,"s:22:75:22:Infinity":7,"s:24:47:30:Infinity":8,"s:32:26:32:Infinity":9,"s:33:12:33:Infinity":10,"b:36:12:38:Infinity:undefined:undefined:undefined:undefined":1,"s:36:12:38:Infinity":11,"s:37:16:37:Infinity":12,"s:39:12:39:Infinity":13,"b:39:48:39:64:39:64:39:86":2,"f:43:10:43:20":2,"s:44:8:58:Infinity":14,"s:45:29:45:Infinity":15,"b:46:12:48:Infinity:undefined:undefined:undefined:undefined":3,"s:46:12:48:Infinity":16,"b:46:16:46:28:46:28:46:58":4,"s:47:16:47:Infinity":17,"s:50:26:50:Infinity":18,"s:51:12:51:Infinity":19,"b:54:12:56:Infinity:undefined:undefined:undefined:undefined":5,"s:54:12:56:Infinity":20,"s:55:16:55:Infinity":21,"s:57:12:57:70":22,"s:57:70:57:Infinity":23,"b:57:106:57:122:57:122:57:150":6,"f:61:10:61:19":3,"s:62:8:76:Infinity":24,"s:63:29:63:Infinity":25,"b:64:12:66:Infinity:undefined:undefined:undefined:undefined":7,"s:64:12:66:Infinity":26,"b:64:16:64:28:64:28:64:58":8,"s:65:16:65:Infinity":27,"s:68:26:68:Infinity":28,"s:69:12:69:Infinity":29,"b:72:12:74:Infinity:undefined:undefined:undefined:undefined":9,"s:72:12:74:Infinity":30,"s:73:16:73:Infinity":31,"s:75:12:75:70":32,"s:75:70:75:Infinity":33,"b:75:106:75:122:75:122:75:150":10},"fnNames":{}}}
,"C:\\Users\\JR\\pep\\projeto event pass\\Booking\\src\\infrastructure\\http\\routes\\ReservaRoutes.ts": {"path":"C:\\Users\\JR\\pep\\projeto event pass\\Booking\\src\\infrastructure\\http\\routes\\ReservaRoutes.ts","statementMap":{"0":{"start":{"line":9,"column":10},"end":{"line":9,"column":null}},"1":{"start":{"line":11,"column":4},"end":{"line":11,"column":null}},"2":{"start":{"line":11,"column":81},"end":{"line":11,"column":114}},"3":{"start":{"line":13,"column":4},"end":{"line":13,"column":null}},"4":{"start":{"line":13,"column":69},"end":{"line":13,"column":106}},"5":{"start":{"line":14,"column":4},"end":{"line":14,"column":null}},"6":{"start":{"line":14,"column":68},"end":{"line":14,"column":104}},"7":{"start":{"line":16,"column":4},"end":{"line":16,"column":null}}},"fnMap":{"0":{"name":"criarRotasReserva","decl":{"start":{"line":8,"column":16},"end":{"line":8,"column":34}},"loc":{"start":{"line":8,"column":80},"end":{"line":17,"column":null}},"line":8},"1":{"name":"(anonymous_1)","decl":{"start":{"line":11,"column":64},"end":{"line":11,"column":68}},"loc":{"start":{"line":11,"column":81},"end":{"line":11,"column":114}},"line":11},"2":{"name":"(anonymous_2)","decl":{"start":{"line":13,"column":32},"end":{"line":13,"column":56}},"loc":{"start":{"line":13,"column":69},"end":{"line":13,"column":106}},"line":13},"3":{"name":"(anonymous_3)","decl":{"start":{"line":14,"column":31},"end":{"line":14,"column":55}},"loc":{"start":{"line":14,"column":68},"end":{"line":14,"column":104}},"line":14}},"branchMap":{},"s":{"0":3,"1":3,"2":1,"3":3,"4":2,"5":3,"6":0,"7":3},"f":{"0":3,"1":1,"2":2,"3":0},"b":{},"meta":{"lastBranch":0,"lastFunction":4,"lastStatement":8,"seen":{"f:8:16:8:34":0,"s:9:10:9:Infinity":0,"s:11:4:11:Infinity":1,"f:11:64:11:68":1,"s:11:81:11:114":2,"s:13:4:13:Infinity":3,"f:13:32:13:56":2,"s:13:69:13:106":4,"s:14:4:14:Infinity":5,"f:14:31:14:55":3,"s:14:68:14:104":6,"s:16:4:16:Infinity":7},"fnNames":{}}}
,"C:\\Users\\JR\\pep\\projeto event pass\\Booking\\src\\infrastructure\\http\\schemas\\ReservaSchemas.ts": {"path":"C:\\Users\\JR\\pep\\projeto event pass\\Booking\\src\\infrastructure\\http\\schemas\\ReservaSchemas.ts","statementMap":{"0":{"start":{"line":3,"column":34},"end":{"line":24,"column":null}}},"fnMap":{},"branchMap":{},"s":{"0":3},"f":{},"b":{},"meta":{"lastBranch":0,"lastFunction":0,"lastStatement":1,"seen":{"s:3:34:24:Infinity":0},"fnNames":{}}}
}
