{"C:\\Users\\JR\\pep\\projeto event pass\\identity\\src\\Domain\\entities\\User.ts": {"path":"C:\\Users\\JR\\pep\\projeto event pass\\identity\\src\\Domain\\entities\\User.ts","statementMap":{"0":{"start":{"line":5,"column":24},"end":{"line":5,"column":null}},"1":{"start":{"line":6,"column":15},"end":{"line":6,"column":null}},"2":{"start":{"line":7,"column":15},"end":{"line":7,"column":null}},"3":{"start":{"line":8,"column":15},"end":{"line":8,"column":null}},"4":{"start":{"line":9,"column":15},"end":{"line":9,"column":null}},"5":{"start":{"line":10,"column":15},"end":{"line":10,"column":null}},"6":{"start":{"line":12,"column":8},"end":{"line":12,"column":null}},"7":{"start":{"line":16,"column":8},"end":{"line":18,"column":null}},"8":{"start":{"line":17,"column":12},"end":{"line":17,"column":null}},"9":{"start":{"line":20,"column":8},"end":{"line":22,"column":null}},"10":{"start":{"line":21,"column":12},"end":{"line":21,"column":null}},"11":{"start":{"line":24,"column":27},"end":{"line":24,"column":null}},"12":{"start":{"line":25,"column":8},"end":{"line":27,"column":null}},"13":{"start":{"line":26,"column":12},"end":{"line":26,"column":null}}},"fnMap":{"0":{"name":"constructor","decl":{"start":{"line":4,"column":4},"end":{"line":4,"column":null}},"loc":{"start":{"line":11,"column":6},"end":{"line":13,"column":null}},"line":11},"1":{"name":"validar","decl":{"start":{"line":15,"column":4},"end":{"line":15,"column":12}},"loc":{"start":{"line":15,"column":28},"end":{"line":28,"column":null}},"line":15}},"branchMap":{"0":{"loc":{"start":{"line":16,"column":8},"end":{"line":18,"column":null}},"type":"if","locations":[{"start":{"line":16,"column":8},"end":{"line":18,"column":null}},{"start":{},"end":{}}],"line":16},"1":{"loc":{"start":{"line":16,"column":12},"end":{"line":16,"column":57}},"type":"binary-expr","locations":[{"start":{"line":16,"column":12},"end":{"line":16,"column":26}},{"start":{"line":16,"column":26},"end":{"line":16,"column":57}}],"line":16},"2":{"loc":{"start":{"line":20,"column":8},"end":{"line":22,"column":null}},"type":"if","locations":[{"start":{"line":20,"column":8},"end":{"line":22,"column":null}},{"start":{},"end":{}}],"line":20},"3":{"loc":{"start":{"line":25,"column":8},"end":{"line":27,"column":null}},"type":"if","locations":[{"start":{"line":25,"column":8},"end":{"line":27,"column":null}},{"start":{},"end":{}}],"line":25}},"s":{"0":23,"1":23,"2":23,"3":23,"4":23,"5":23,"6":23,"7":23,"8":2,"9":21,"10":1,"11":20,"12":20,"13":4},"f":{"0":23,"1":23},"b":{"0":[2,21],"1":[23,22],"2":[1,20],"3":[4,16]},"meta":{"lastBranch":4,"lastFunction":2,"lastStatement":14,"seen":{"f:4:4:4:Infinity":0,"s:5:24:5:Infinity":0,"s:6:15:6:Infinity":1,"s:7:15:7:Infinity":2,"s:8:15:8:Infinity":3,"s:9:15:9:Infinity":4,"s:10:15:10:Infinity":5,"s:12:8:12:Infinity":6,"f:15:4:15:12":1,"b:16:8:18:Infinity:undefined:undefined:undefined:undefined":0,"s:16:8:18:Infinity":7,"b:16:12:16:26:16:26:16:57":1,"s:17:12:17:Infinity":8,"b:20:8:22:Infinity:undefined:undefined:undefined:undefined":2,"s:20:8:22:Infinity":9,"s:21:12:21:Infinity":10,"s:24:27:24:Infinity":11,"b:25:8:27:Infinity:undefined:undefined:undefined:undefined":3,"s:25:8:27:Infinity":12,"s:26:12:26:Infinity":13}}}
,"C:\\Users\\JR\\pep\\projeto event pass\\identity\\src\\Usecase\\login\\LoginUsecase.ts": {"path":"C:\\Users\\JR\\pep\\projeto event pass\\identity\\src\\Usecase\\login\\LoginUsecase.ts","statementMap":{"0":{"start":{"line":7,"column":16},"end":{"line":7,"column":null}},"1":{"start":{"line":8,"column":16},"end":{"line":8,"column":null}},"2":{"start":{"line":12,"column":24},"end":{"line":12,"column":null}},"3":{"start":{"line":14,"column":8},"end":{"line":16,"column":null}},"4":{"start":{"line":15,"column":12},"end":{"line":15,"column":null}},"5":{"start":{"line":18,"column":30},"end":{"line":21,"column":null}},"6":{"start":{"line":23,"column":8},"end":{"line":25,"column":null}},"7":{"start":{"line":24,"column":12},"end":{"line":24,"column":null}},"8":{"start":{"line":27,"column":8},"end":{"line":31,"column":null}}},"fnMap":{"0":{"name":"constructor","decl":{"start":{"line":6,"column":4},"end":{"line":6,"column":null}},"loc":{"start":{"line":9,"column":6},"end":{"line":9,"column":null}},"line":9},"1":{"name":"executar","decl":{"start":{"line":11,"column":10},"end":{"line":11,"column":19}},"loc":{"start":{"line":11,"column":76},"end":{"line":32,"column":null}},"line":11}},"branchMap":{"0":{"loc":{"start":{"line":14,"column":8},"end":{"line":16,"column":null}},"type":"if","locations":[{"start":{"line":14,"column":8},"end":{"line":16,"column":null}},{"start":{},"end":{}}],"line":14},"1":{"loc":{"start":{"line":20,"column":12},"end":{"line":20,"column":null}},"type":"binary-expr","locations":[{"start":{"line":20,"column":12},"end":{"line":20,"column":29}},{"start":{"line":20,"column":29},"end":{"line":20,"column":null}}],"line":20},"2":{"loc":{"start":{"line":23,"column":8},"end":{"line":25,"column":null}},"type":"if","locations":[{"start":{"line":23,"column":8},"end":{"line":25,"column":null}},{"start":{},"end":{}}],"line":23}},"s":{"0":6,"1":6,"2":7,"3":7,"4":2,"5":5,"6":5,"7":3,"8":2},"f":{"0":6,"1":7},"b":{"0":[2,5],"1":[5,1],"2":[3,2]},"meta":{"lastBranch":3,"lastFunction":2,"lastStatement":9,"seen":{"f:6:4:6:Infinity":0,"s:7:16:7:Infinity":0,"s:8:16:8:Infinity":1,"f:11:10:11:19":1,"s:12:24:12:Infinity":2,"b:14:8:16:Infinity:undefined:undefined:undefined:undefined":0,"s:14:8:16:Infinity":3,"s:15:12:15:Infinity":4,"s:18:30:21:Infinity":5,"b:20:12:20:29:20:29:20:Infinity":1,"b:23:8:25:Infinity:undefined:undefined:undefined:undefined":2,"s:23:8:25:Infinity":6,"s:24:12:24:Infinity":7,"s:27:8:31:Infinity":8}}}
,"C:\\Users\\JR\\pep\\projeto event pass\\identity\\src\\Usecase\\register\\RegisterUsecase.ts": {"path":"C:\\Users\\JR\\pep\\projeto event pass\\identity\\src\\Usecase\\register\\RegisterUsecase.ts","statementMap":{"0":{"start":{"line":9,"column":16},"end":{"line":9,"column":null}},"1":{"start":{"line":10,"column":16},"end":{"line":10,"column":null}},"2":{"start":{"line":14,"column":33},"end":{"line":14,"column":null}},"3":{"start":{"line":16,"column":8},"end":{"line":18,"column":null}},"4":{"start":{"line":17,"column":12},"end":{"line":17,"column":null}},"5":{"start":{"line":20,"column":28},"end":{"line":26,"column":null}},"6":{"start":{"line":28,"column":30},"end":{"line":28,"column":null}},"7":{"start":{"line":30,"column":8},"end":{"line":30,"column":null}},"8":{"start":{"line":32,"column":8},"end":{"line":36,"column":null}}},"fnMap":{"0":{"name":"constructor","decl":{"start":{"line":8,"column":4},"end":{"line":8,"column":null}},"loc":{"start":{"line":11,"column":6},"end":{"line":11,"column":null}},"line":11},"1":{"name":"executar","decl":{"start":{"line":13,"column":10},"end":{"line":13,"column":19}},"loc":{"start":{"line":13,"column":82},"end":{"line":37,"column":null}},"line":13}},"branchMap":{"0":{"loc":{"start":{"line":16,"column":8},"end":{"line":18,"column":null}},"type":"if","locations":[{"start":{"line":16,"column":8},"end":{"line":18,"column":null}},{"start":{},"end":{}}],"line":16}},"s":{"0":4,"1":4,"2":4,"3":4,"4":2,"5":2,"6":2,"7":2,"8":2},"f":{"0":4,"1":4},"b":{"0":[2,2]},"meta":{"lastBranch":1,"lastFunction":2,"lastStatement":9,"seen":{"f:8:4:8:Infinity":0,"s:9:16:9:Infinity":0,"s:10:16:10:Infinity":1,"f:13:10:13:19":1,"s:14:33:14:Infinity":2,"b:16:8:18:Infinity:undefined:undefined:undefined:undefined":0,"s:16:8:18:Infinity":3,"s:17:12:17:Infinity":4,"s:20:28:26:Infinity":5,"s:28:30:28:Infinity":6,"s:30:8:30:Infinity":7,"s:32:8:36:Infinity":8}}}
,"C:\\Users\\JR\\pep\\projeto event pass\\identity\\src\\infrastructure\\config\\auth.ts": {"path":"C:\\Users\\JR\\pep\\projeto event pass\\identity\\src\\infrastructure\\config\\auth.ts","statementMap":{"0":{"start":{"line":5,"column":13},"end":{"line":19,"column":null}}},"fnMap":{},"branchMap":{},"s":{"0":2},"f":{},"b":{},"meta":{"lastBranch":0,"lastFunction":0,"lastStatement":1,"seen":{"s:5:13:19:Infinity":0}}}
,"C:\\Users\\JR\\pep\\projeto event pass\\identity\\src\\infrastructure\\database\\PrismaUserRepository.ts": {"path":"C:\\Users\\JR\\pep\\projeto event pass\\identity\\src\\infrastructure\\database\\PrismaUserRepository.ts","statementMap":{"0":{"start":{"line":6,"column":20},"end":{"line":6,"column":null}},"1":{"start":{"line":11,"column":8},"end":{"line":37,"column":null}},"2":{"start":{"line":12,"column":34},"end":{"line":21,"column":null}},"3":{"start":{"line":23,"column":12},"end":{"line":25,"column":null}},"4":{"start":{"line":24,"column":16},"end":{"line":24,"column":null}},"5":{"start":{"line":27,"column":12},"end":{"line":34,"column":null}},"6":{"start":{"line":36,"column":12},"end":{"line":36,"column":null}},"7":{"start":{"line":41,"column":8},"end":{"line":60,"column":null}},"8":{"start":{"line":42,"column":12},"end":{"line":57,"column":null}},"9":{"start":{"line":59,"column":12},"end":{"line":59,"column":null}},"10":{"start":{"line":64,"column":8},"end":{"line":80,"column":null}},"11":{"start":{"line":65,"column":34},"end":{"line":65,"column":null}},"12":{"start":{"line":67,"column":12},"end":{"line":69,"column":null}},"13":{"start":{"line":68,"column":16},"end":{"line":68,"column":null}},"14":{"start":{"line":71,"column":12},"end":{"line":77,"column":null}},"15":{"start":{"line":79,"column":12},"end":{"line":79,"column":null}},"16":{"start":{"line":84,"column":25},"end":{"line":84,"column":null}},"17":{"start":{"line":85,"column":8},"end":{"line":85,"column":null}}},"fnMap":{"0":{"name":"buscarPorEmail","decl":{"start":{"line":10,"column":10},"end":{"line":10,"column":25}},"loc":{"start":{"line":10,"column":65},"end":{"line":38,"column":null}},"line":10},"1":{"name":"salvar","decl":{"start":{"line":40,"column":10},"end":{"line":40,"column":17}},"loc":{"start":{"line":40,"column":69},"end":{"line":61,"column":null}},"line":40},"2":{"name":"buscarPorId","decl":{"start":{"line":63,"column":10},"end":{"line":63,"column":22}},"loc":{"start":{"line":63,"column":59},"end":{"line":81,"column":null}},"line":63},"3":{"name":"tratarErro","decl":{"start":{"line":83,"column":4},"end":{"line":83,"column":12}},"loc":{"start":{"line":83,"column":59},"end":{"line":86,"column":null}},"line":83}},"branchMap":{"0":{"loc":{"start":{"line":23,"column":12},"end":{"line":25,"column":null}},"type":"if","locations":[{"start":{"line":23,"column":12},"end":{"line":25,"column":null}},{"start":{},"end":{}}],"line":23},"1":{"loc":{"start":{"line":33,"column":16},"end":{"line":33,"column":null}},"type":"binary-expr","locations":[{"start":{"line":33,"column":16},"end":{"line":33,"column":55}},{"start":{"line":33,"column":55},"end":{"line":33,"column":null}}],"line":33},"2":{"loc":{"start":{"line":67,"column":12},"end":{"line":69,"column":null}},"type":"if","locations":[{"start":{"line":67,"column":12},"end":{"line":69,"column":null}},{"start":{},"end":{}}],"line":67},"3":{"loc":{"start":{"line":84,"column":25},"end":{"line":84,"column":null}},"type":"cond-expr","locations":[{"start":{"line":84,"column":49},"end":{"line":84,"column":64}},{"start":{"line":84,"column":64},"end":{"line":84,"column":null}}],"line":84}},"s":{"0":3,"1":9,"2":9,"3":7,"4":3,"5":4,"6":2,"7":4,"8":4,"9":1,"10":3,"11":3,"12":2,"13":1,"14":1,"15":1,"16":4,"17":4},"f":{"0":9,"1":4,"2":3,"3":4},"b":{"0":[3,4],"1":[4,0],"2":[1,1],"3":[3,1]},"meta":{"lastBranch":4,"lastFunction":4,"lastStatement":18,"seen":{"s:6:20:6:Infinity":0,"f:10:10:10:25":0,"s:11:8:37:Infinity":1,"s:12:34:21:Infinity":2,"b:23:12:25:Infinity:undefined:undefined:undefined:undefined":0,"s:23:12:25:Infinity":3,"s:24:16:24:Infinity":4,"s:27:12:34:Infinity":5,"b:33:16:33:55:33:55:33:Infinity":1,"s:36:12:36:Infinity":6,"f:40:10:40:17":1,"s:41:8:60:Infinity":7,"s:42:12:57:Infinity":8,"s:59:12:59:Infinity":9,"f:63:10:63:22":2,"s:64:8:80:Infinity":10,"s:65:34:65:Infinity":11,"b:67:12:69:Infinity:undefined:undefined:undefined:undefined":2,"s:67:12:69:Infinity":12,"s:68:16:68:Infinity":13,"s:71:12:77:Infinity":14,"s:79:12:79:Infinity":15,"f:83:4:83:12":3,"s:84:25:84:Infinity":16,"b:84:49:84:64:84:64:84:Infinity":3,"s:85:8:85:Infinity":17}}}
,"C:\\Users\\JR\\pep\\projeto event pass\\identity\\src\\infrastructure\\database\\prisma.ts": {"path":"C:\\Users\\JR\\pep\\projeto event pass\\identity\\src\\infrastructure\\database\\prisma.ts","statementMap":{"0":{"start":{"line":3,"column":24},"end":{"line":3,"column":null}},"1":{"start":{"line":5,"column":22},"end":{"line":7,"column":null}},"2":{"start":{"line":9,"column":0},"end":{"line":9,"column":null}},"3":{"start":{"line":9,"column":43},"end":{"line":9,"column":null}}},"fnMap":{},"branchMap":{"0":{"loc":{"start":{"line":5,"column":22},"end":{"line":7,"column":null}},"type":"binary-expr","locations":[{"start":{"line":5,"column":22},"end":{"line":5,"column":48}},{"start":{"line":5,"column":48},"end":{"line":7,"column":null}}],"line":5},"1":{"loc":{"start":{"line":9,"column":0},"end":{"line":9,"column":null}},"type":"if","locations":[{"start":{"line":9,"column":0},"end":{"line":9,"column":null}},{"start":{},"end":{}}],"line":9}},"s":{"0":5,"1":5,"2":5,"3":4},"f":{},"b":{"0":[5,4],"1":[4,1]},"meta":{"lastBranch":2,"lastFunction":0,"lastStatement":4,"seen":{"s:3:24:3:Infinity":0,"s:5:22:7:Infinity":1,"b:5:22:5:48:5:48:7:Infinity":0,"b:9:0:9:Infinity:undefined:undefined:undefined:undefined":1,"s:9:0:9:Infinity":2,"s:9:43:9:Infinity":3}}}
,"C:\\Users\\JR\\pep\\projeto event pass\\identity\\src\\infrastructure\\http\\server.ts": {"path":"C:\\Users\\JR\\pep\\projeto event pass\\identity\\src\\infrastructure\\http\\server.ts","statementMap":{"0":{"start":{"line":9,"column":6},"end":{"line":9,"column":null}},"1":{"start":{"line":10,"column":13},"end":{"line":10,"column":null}},"2":{"start":{"line":12,"column":0},"end":{"line":12,"column":null}},"3":{"start":{"line":13,"column":0},"end":{"line":20,"column":null}},"4":{"start":{"line":22,"column":0},"end":{"line":22,"column":null}},"5":{"start":{"line":24,"column":0},"end":{"line":24,"column":null}},"6":{"start":{"line":25,"column":0},"end":{"line":25,"column":null}},"7":{"start":{"line":27,"column":0},"end":{"line":29,"column":null}},"8":{"start":{"line":28,"column":4},"end":{"line":28,"column":null}},"9":{"start":{"line":31,"column":0},"end":{"line":35,"column":null}},"10":{"start":{"line":32,"column":4},"end":{"line":34,"column":null}},"11":{"start":{"line":33,"column":8},"end":{"line":33,"column":null}}},"fnMap":{"0":{"name":"(anonymous_0)","decl":{"start":{"line":27,"column":8},"end":{"line":27,"column":14}},"loc":{"start":{"line":27,"column":27},"end":{"line":29,"column":1}},"line":27},"1":{"name":"(anonymous_1)","decl":{"start":{"line":32,"column":15},"end":{"line":32,"column":27}},"loc":{"start":{"line":32,"column":27},"end":{"line":34,"column":5}},"line":32}},"branchMap":{"0":{"loc":{"start":{"line":10,"column":13},"end":{"line":10,"column":null}},"type":"binary-expr","locations":[{"start":{"line":10,"column":13},"end":{"line":10,"column":33}},{"start":{"line":10,"column":33},"end":{"line":10,"column":null}}],"line":10},"1":{"loc":{"start":{"line":31,"column":0},"end":{"line":35,"column":null}},"type":"if","locations":[{"start":{"line":31,"column":0},"end":{"line":35,"column":null}},{"start":{},"end":{}}],"line":31}},"s":{"0":2,"1":2,"2":2,"3":2,"4":2,"5":2,"6":2,"7":2,"8":1,"9":2,"10":0,"11":0},"f":{"0":1,"1":0},"b":{"0":[2,2],"1":[0,2]},"meta":{"lastBranch":2,"lastFunction":2,"lastStatement":12,"seen":{"s:9:6:9:Infinity":0,"s:10:13:10:Infinity":1,"b:10:13:10:33:10:33:10:Infinity":0,"s:12:0:12:Infinity":2,"s:13:0:20:Infinity":3,"s:22:0:22:Infinity":4,"s:24:0:24:Infinity":5,"s:25:0:25:Infinity":6,"s:27:0:29:Infinity":7,"f:27:8:27:14":0,"s:28:4:28:Infinity":8,"b:31:0:35:Infinity:undefined:undefined:undefined:undefined":1,"s:31:0:35:Infinity":9,"s:32:4:34:Infinity":10,"f:32:15:32:27":1,"s:33:8:33:Infinity":11}}}
,"C:\\Users\\JR\\pep\\projeto event pass\\identity\\src\\infrastructure\\http\\controller\\LoginController.ts": {"path":"C:\\Users\\JR\\pep\\projeto event pass\\identity\\src\\infrastructure\\http\\controller\\LoginController.ts","statementMap":{"0":{"start":{"line":8,"column":8},"end":{"line":8,"column":null}},"1":{"start":{"line":9,"column":8},"end":{"line":9,"column":null}},"2":{"start":{"line":14,"column":33},"end":{"line":14,"column":61}},"3":{"start":{"line":17,"column":8},"end":{"line":24,"column":null}},"4":{"start":{"line":18,"column":35},"end":{"line":18,"column":null}},"5":{"start":{"line":19,"column":30},"end":{"line":19,"column":null}},"6":{"start":{"line":21,"column":12},"end":{"line":21,"column":null}},"7":{"start":{"line":23,"column":12},"end":{"line":23,"column":null}},"8":{"start":{"line":28,"column":8},"end":{"line":31,"column":null}},"9":{"start":{"line":29,"column":12},"end":{"line":29,"column":null}},"10":{"start":{"line":30,"column":12},"end":{"line":30,"column":null}},"11":{"start":{"line":33,"column":29},"end":{"line":33,"column":null}},"12":{"start":{"line":35,"column":8},"end":{"line":38,"column":null}},"13":{"start":{"line":36,"column":12},"end":{"line":36,"column":null}},"14":{"start":{"line":37,"column":12},"end":{"line":37,"column":null}},"15":{"start":{"line":40,"column":8},"end":{"line":40,"column":null}},"16":{"start":{"line":42,"column":8},"end":{"line":45,"column":null}}},"fnMap":{"0":{"name":"constructor","decl":{"start":{"line":7,"column":4},"end":{"line":7,"column":18}},"loc":{"start":{"line":7,"column":18},"end":{"line":10,"column":null}},"line":7},"1":{"name":"constructor","decl":{"start":{"line":14,"column":4},"end":{"line":14,"column":16}},"loc":{"start":{"line":14,"column":61},"end":{"line":14,"column":null}},"line":14},"2":{"name":"lidar","decl":{"start":{"line":16,"column":10},"end":{"line":16,"column":16}},"loc":{"start":{"line":16,"column":72},"end":{"line":25,"column":null}},"line":16},"3":{"name":"tratarErro","decl":{"start":{"line":27,"column":4},"end":{"line":27,"column":23}},"loc":{"start":{"line":27,"column":64},"end":{"line":46,"column":null}},"line":27}},"branchMap":{"0":{"loc":{"start":{"line":28,"column":8},"end":{"line":31,"column":null}},"type":"if","locations":[{"start":{"line":28,"column":8},"end":{"line":31,"column":null}},{"start":{},"end":{}}],"line":28},"1":{"loc":{"start":{"line":33,"column":29},"end":{"line":33,"column":null}},"type":"cond-expr","locations":[{"start":{"line":33,"column":53},"end":{"line":33,"column":68}},{"start":{"line":33,"column":68},"end":{"line":33,"column":null}}],"line":33},"2":{"loc":{"start":{"line":35,"column":8},"end":{"line":38,"column":null}},"type":"if","locations":[{"start":{"line":35,"column":8},"end":{"line":38,"column":null}},{"start":{},"end":{}}],"line":35},"3":{"loc":{"start":{"line":35,"column":12},"end":{"line":35,"column":102}},"type":"binary-expr","locations":[{"start":{"line":35,"column":12},"end":{"line":35,"column":55}},{"start":{"line":35,"column":55},"end":{"line":35,"column":102}}],"line":35},"4":{"loc":{"start":{"line":44,"column":12},"end":{"line":44,"column":null}},"type":"binary-expr","locations":[{"start":{"line":44,"column":12},"end":{"line":44,"column":58}},{"start":{"line":44,"column":58},"end":{"line":44,"column":null}}],"line":44}},"s":{"0":1,"1":1,"2":9,"3":10,"4":10,"5":10,"6":2,"7":8,"8":8,"9":1,"10":1,"11":7,"12":8,"13":4,"14":4,"15":3,"16":3},"f":{"0":1,"1":9,"2":10,"3":8},"b":{"0":[1,7],"1":[6,1],"2":[4,4],"3":[8,6],"4":[3,1]},"meta":{"lastBranch":5,"lastFunction":4,"lastStatement":17,"seen":{"f:7:4:7:18":0,"s:8:8:8:Infinity":0,"s:9:8:9:Infinity":1,"f:14:4:14:16":1,"s:14:33:14:61":2,"f:16:10:16:16":2,"s:17:8:24:Infinity":3,"s:18:35:18:Infinity":4,"s:19:30:19:Infinity":5,"s:21:12:21:Infinity":6,"s:23:12:23:Infinity":7,"f:27:4:27:23":3,"b:28:8:31:Infinity:undefined:undefined:undefined:undefined":0,"s:28:8:31:Infinity":8,"s:29:12:29:Infinity":9,"s:30:12:30:Infinity":10,"s:33:29:33:Infinity":11,"b:33:53:33:68:33:68:33:Infinity":1,"b:35:8:38:Infinity:undefined:undefined:undefined:undefined":2,"s:35:8:38:Infinity":12,"b:35:12:35:55:35:55:35:102":3,"s:36:12:36:Infinity":13,"s:37:12:37:Infinity":14,"s:40:8:40:Infinity":15,"s:42:8:45:Infinity":16,"b:44:12:44:58:44:58:44:Infinity":4}}}
,"C:\\Users\\JR\\pep\\projeto event pass\\identity\\src\\infrastructure\\http\\controller\\RegisterController.ts": {"path":"C:\\Users\\JR\\pep\\projeto event pass\\identity\\src\\infrastructure\\http\\controller\\RegisterController.ts","statementMap":{"0":{"start":{"line":7,"column":33},"end":{"line":7,"column":67}},"1":{"start":{"line":10,"column":8},"end":{"line":34,"column":null}},"2":{"start":{"line":11,"column":35},"end":{"line":11,"column":null}},"3":{"start":{"line":12,"column":30},"end":{"line":12,"column":null}},"4":{"start":{"line":14,"column":12},"end":{"line":14,"column":null}},"5":{"start":{"line":16,"column":12},"end":{"line":19,"column":null}},"6":{"start":{"line":17,"column":16},"end":{"line":17,"column":null}},"7":{"start":{"line":18,"column":16},"end":{"line":18,"column":null}},"8":{"start":{"line":21,"column":33},"end":{"line":21,"column":null}},"9":{"start":{"line":23,"column":12},"end":{"line":26,"column":null}},"10":{"start":{"line":24,"column":16},"end":{"line":24,"column":null}},"11":{"start":{"line":25,"column":16},"end":{"line":25,"column":null}},"12":{"start":{"line":28,"column":12},"end":{"line":28,"column":null}},"13":{"start":{"line":30,"column":12},"end":{"line":33,"column":null}}},"fnMap":{"0":{"name":"constructor","decl":{"start":{"line":7,"column":4},"end":{"line":7,"column":16}},"loc":{"start":{"line":7,"column":67},"end":{"line":7,"column":null}},"line":7},"1":{"name":"lidar","decl":{"start":{"line":9,"column":10},"end":{"line":9,"column":16}},"loc":{"start":{"line":9,"column":72},"end":{"line":35,"column":null}},"line":9}},"branchMap":{"0":{"loc":{"start":{"line":16,"column":12},"end":{"line":19,"column":null}},"type":"if","locations":[{"start":{"line":16,"column":12},"end":{"line":19,"column":null}},{"start":{},"end":{}}],"line":16},"1":{"loc":{"start":{"line":21,"column":33},"end":{"line":21,"column":null}},"type":"cond-expr","locations":[{"start":{"line":21,"column":57},"end":{"line":21,"column":72}},{"start":{"line":21,"column":72},"end":{"line":21,"column":null}}],"line":21},"2":{"loc":{"start":{"line":23,"column":12},"end":{"line":26,"column":null}},"type":"if","locations":[{"start":{"line":23,"column":12},"end":{"line":26,"column":null}},{"start":{},"end":{}}],"line":23},"3":{"loc":{"start":{"line":32,"column":16},"end":{"line":32,"column":null}},"type":"binary-expr","locations":[{"start":{"line":32,"column":16},"end":{"line":32,"column":62}},{"start":{"line":32,"column":62},"end":{"line":32,"column":null}}],"line":32}},"s":{"0":7,"1":7,"2":7,"3":7,"4":2,"5":5,"6":1,"7":1,"8":4,"9":5,"10":2,"11":2,"12":2,"13":2},"f":{"0":7,"1":7},"b":{"0":[1,4],"1":[3,1],"2":[2,3],"3":[2,1]},"meta":{"lastBranch":4,"lastFunction":2,"lastStatement":14,"seen":{"f:7:4:7:16":0,"s:7:33:7:67":0,"f:9:10:9:16":1,"s:10:8:34:Infinity":1,"s:11:35:11:Infinity":2,"s:12:30:12:Infinity":3,"s:14:12:14:Infinity":4,"b:16:12:19:Infinity:undefined:undefined:undefined:undefined":0,"s:16:12:19:Infinity":5,"s:17:16:17:Infinity":6,"s:18:16:18:Infinity":7,"s:21:33:21:Infinity":8,"b:21:57:21:72:21:72:21:Infinity":1,"b:23:12:26:Infinity:undefined:undefined:undefined:undefined":2,"s:23:12:26:Infinity":9,"s:24:16:24:Infinity":10,"s:25:16:25:Infinity":11,"s:28:12:28:Infinity":12,"s:30:12:33:Infinity":13,"b:32:16:32:62:32:62:32:Infinity":3}}}
,"C:\\Users\\JR\\pep\\projeto event pass\\identity\\src\\infrastructure\\http\\routes\\auth.routes.ts": {"path":"C:\\Users\\JR\\pep\\projeto event pass\\identity\\src\\infrastructure\\http\\routes\\auth.routes.ts","statementMap":{"0":{"start":{"line":9,"column":6},"end":{"line":9,"column":null}},"1":{"start":{"line":11,"column":23},"end":{"line":11,"column":null}},"2":{"start":{"line":12,"column":23},"end":{"line":12,"column":null}},"3":{"start":{"line":14,"column":24},"end":{"line":14,"column":null}},"4":{"start":{"line":15,"column":21},"end":{"line":15,"column":null}},"5":{"start":{"line":17,"column":27},"end":{"line":17,"column":null}},"6":{"start":{"line":18,"column":24},"end":{"line":18,"column":null}},"7":{"start":{"line":20,"column":0},"end":{"line":20,"column":null}},"8":{"start":{"line":20,"column":43},"end":{"line":20,"column":77}},"9":{"start":{"line":21,"column":0},"end":{"line":21,"column":null}},"10":{"start":{"line":21,"column":40},"end":{"line":21,"column":71}}},"fnMap":{"0":{"name":"(anonymous_0)","decl":{"start":{"line":20,"column":16},"end":{"line":20,"column":30}},"loc":{"start":{"line":20,"column":43},"end":{"line":20,"column":77}},"line":20},"1":{"name":"(anonymous_1)","decl":{"start":{"line":21,"column":16},"end":{"line":21,"column":27}},"loc":{"start":{"line":21,"column":40},"end":{"line":21,"column":71}},"line":21}},"branchMap":{},"s":{"0":2,"1":2,"2":2,"3":2,"4":2,"5":2,"6":2,"7":2,"8":2,"9":2,"10":3},"f":{"0":2,"1":3},"b":{},"meta":{"lastBranch":0,"lastFunction":2,"lastStatement":11,"seen":{"s:9:6:9:Infinity":0,"s:11:23:11:Infinity":1,"s:12:23:12:Infinity":2,"s:14:24:14:Infinity":3,"s:15:21:15:Infinity":4,"s:17:27:17:Infinity":5,"s:18:24:18:Infinity":6,"s:20:0:20:Infinity":7,"f:20:16:20:30":0,"s:20:43:20:77":8,"s:21:0:21:Infinity":9,"f:21:16:21:27":1,"s:21:40:21:71":10}}}
,"C:\\Users\\JR\\pep\\projeto event pass\\identity\\src\\infrastructure\\http\\schemas\\LoginUser.schema.ts": {"path":"C:\\Users\\JR\\pep\\projeto event pass\\identity\\src\\infrastructure\\http\\schemas\\LoginUser.schema.ts","statementMap":{"0":{"start":{"line":3,"column":31},"end":{"line":9,"column":null}}},"fnMap":{},"branchMap":{},"s":{"0":3},"f":{},"b":{},"meta":{"lastBranch":0,"lastFunction":0,"lastStatement":1,"seen":{"s:3:31:9:Infinity":0}}}
,"C:\\Users\\JR\\pep\\projeto event pass\\identity\\src\\infrastructure\\http\\schemas\\RegisterUser.schema.ts": {"path":"C:\\Users\\JR\\pep\\projeto event pass\\identity\\src\\infrastructure\\http\\schemas\\RegisterUser.schema.ts","statementMap":{"0":{"start":{"line":3,"column":34},"end":{"line":16,"column":null}}},"fnMap":{},"branchMap":{},"s":{"0":3},"f":{},"b":{},"meta":{"lastBranch":0,"lastFunction":0,"lastStatement":1,"seen":{"s:3:34:16:Infinity":0}}}
,"C:\\Users\\JR\\pep\\projeto event pass\\identity\\src\\infrastructure\\security\\Argon2PasswordHasher.ts": {"path":"C:\\Users\\JR\\pep\\projeto event pass\\identity\\src\\infrastructure\\security\\Argon2PasswordHasher.ts","statementMap":{"0":{"start":{"line":6,"column":8},"end":{"line":6,"column":null}},"1":{"start":{"line":10,"column":8},"end":{"line":12,"column":null}},"2":{"start":{"line":11,"column":12},"end":{"line":11,"column":null}},"3":{"start":{"line":14,"column":8},"end":{"line":18,"column":null}},"4":{"start":{"line":15,"column":12},"end":{"line":15,"column":null}},"5":{"start":{"line":17,"column":12},"end":{"line":17,"column":null}}},"fnMap":{"0":{"name":"hash","decl":{"start":{"line":5,"column":10},"end":{"line":5,"column":15}},"loc":{"start":{"line":5,"column":50},"end":{"line":7,"column":null}},"line":5},"1":{"name":"compare","decl":{"start":{"line":9,"column":10},"end":{"line":9,"column":18}},"loc":{"start":{"line":9,"column":68},"end":{"line":19,"column":null}},"line":9}},"branchMap":{"0":{"loc":{"start":{"line":10,"column":8},"end":{"line":12,"column":null}},"type":"if","locations":[{"start":{"line":10,"column":8},"end":{"line":12,"column":null}},{"start":{},"end":{}}],"line":10},"1":{"loc":{"start":{"line":10,"column":12},"end":{"line":10,"column":78}},"type":"binary-expr","locations":[{"start":{"line":10,"column":12},"end":{"line":10,"column":21}},{"start":{"line":10,"column":21},"end":{"line":10,"column":49}},{"start":{"line":10,"column":49},"end":{"line":10,"column":78}}],"line":10}},"s":{"0":2,"1":6,"2":2,"3":4,"4":4,"5":1},"f":{"0":2,"1":6},"b":{"0":[2,4],"1":[6,5,5]},"meta":{"lastBranch":2,"lastFunction":2,"lastStatement":6,"seen":{"f:5:10:5:15":0,"s:6:8:6:Infinity":0,"f:9:10:9:18":1,"b:10:8:12:Infinity:undefined:undefined:undefined:undefined":0,"s:10:8:12:Infinity":1,"b:10:12:10:21:10:21:10:49:10:49:10:78":1,"s:11:12:11:Infinity":2,"s:14:8:18:Infinity":3,"s:15:12:15:Infinity":4,"s:17:12:17:Infinity":5}}}
}
