{"C:\\Users\\JR\\pep\\projeto event pass\\Catalog\\src\\Domain\\entities\\Evento.ts": {"path":"C:\\Users\\JR\\pep\\projeto event pass\\Catalog\\src\\Domain\\entities\\Evento.ts","statementMap":{"0":{"start":{"line":3,"column":24},"end":{"line":3,"column":null}},"1":{"start":{"line":4,"column":15},"end":{"line":4,"column":null}},"2":{"start":{"line":5,"column":15},"end":{"line":5,"column":null}},"3":{"start":{"line":6,"column":15},"end":{"line":6,"column":null}},"4":{"start":{"line":7,"column":15},"end":{"line":7,"column":null}},"5":{"start":{"line":10,"column":8},"end":{"line":10,"column":null}},"6":{"start":{"line":14,"column":8},"end":{"line":16,"column":null}},"7":{"start":{"line":15,"column":12},"end":{"line":15,"column":null}},"8":{"start":{"line":18,"column":8},"end":{"line":20,"column":null}},"9":{"start":{"line":19,"column":12},"end":{"line":19,"column":null}},"10":{"start":{"line":22,"column":8},"end":{"line":24,"column":null}},"11":{"start":{"line":23,"column":12},"end":{"line":23,"column":null}},"12":{"start":{"line":26,"column":8},"end":{"line":28,"column":null}},"13":{"start":{"line":27,"column":12},"end":{"line":27,"column":null}},"14":{"start":{"line":33,"column":8},"end":{"line":35,"column":null}},"15":{"start":{"line":34,"column":12},"end":{"line":34,"column":null}},"16":{"start":{"line":37,"column":8},"end":{"line":39,"column":null}},"17":{"start":{"line":38,"column":12},"end":{"line":38,"column":null}},"18":{"start":{"line":41,"column":8},"end":{"line":41,"column":null}}},"fnMap":{"0":{"name":"constructor","decl":{"start":{"line":2,"column":4},"end":{"line":2,"column":null}},"loc":{"start":{"line":8,"column":6},"end":{"line":11,"column":null}},"line":8},"1":{"name":"validar","decl":{"start":{"line":13,"column":4},"end":{"line":13,"column":12}},"loc":{"start":{"line":13,"column":28},"end":{"line":29,"column":null}},"line":13},"2":{"name":"baixarEstoque","decl":{"start":{"line":32,"column":4},"end":{"line":32,"column":11}},"loc":{"start":{"line":32,"column":51},"end":{"line":42,"column":null}},"line":32}},"branchMap":{"0":{"loc":{"start":{"line":14,"column":8},"end":{"line":16,"column":null}},"type":"if","locations":[{"start":{"line":14,"column":8},"end":{"line":16,"column":null}},{"start":{},"end":{}}],"line":14},"1":{"loc":{"start":{"line":14,"column":12},"end":{"line":14,"column":55}},"type":"binary-expr","locations":[{"start":{"line":14,"column":12},"end":{"line":14,"column":26}},{"start":{"line":14,"column":26},"end":{"line":14,"column":55}}],"line":14},"2":{"loc":{"start":{"line":18,"column":8},"end":{"line":20,"column":null}},"type":"if","locations":[{"start":{"line":18,"column":8},"end":{"line":20,"column":null}},{"start":{},"end":{}}],"line":18},"3":{"loc":{"start":{"line":22,"column":8},"end":{"line":24,"column":null}},"type":"if","locations":[{"start":{"line":22,"column":8},"end":{"line":24,"column":null}},{"start":{},"end":{}}],"line":22},"4":{"loc":{"start":{"line":26,"column":8},"end":{"line":28,"column":null}},"type":"if","locations":[{"start":{"line":26,"column":8},"end":{"line":28,"column":null}},{"start":{},"end":{}}],"line":26},"5":{"loc":{"start":{"line":33,"column":8},"end":{"line":35,"column":null}},"type":"if","locations":[{"start":{"line":33,"column":8},"end":{"line":35,"column":null}},{"start":{},"end":{}}],"line":33},"6":{"loc":{"start":{"line":37,"column":8},"end":{"line":39,"column":null}},"type":"if","locations":[{"start":{"line":37,"column":8},"end":{"line":39,"column":null}},{"start":{},"end":{}}],"line":37}},"s":{"0":12,"1":12,"2":12,"3":12,"4":12,"5":12,"6":12,"7":2,"8":10,"9":2,"10":8,"11":1,"12":7,"13":1,"14":4,"15":2,"16":2,"17":1,"18":1},"f":{"0":12,"1":12,"2":4},"b":{"0":[2,10],"1":[12,11],"2":[2,8],"3":[1,7],"4":[1,6],"5":[2,2],"6":[1,1]},"meta":{"lastBranch":7,"lastFunction":3,"lastStatement":19,"seen":{"f:2:4:2:Infinity":0,"s:3:24:3:Infinity":0,"s:4:15:4:Infinity":1,"s:5:15:5:Infinity":2,"s:6:15:6:Infinity":3,"s:7:15:7:Infinity":4,"s:10:8:10:Infinity":5,"f:13:4:13:12":1,"b:14:8:16:Infinity:undefined:undefined:undefined:undefined":0,"s:14:8:16:Infinity":6,"b:14:12:14:26:14:26:14:55":1,"s:15:12:15:Infinity":7,"b:18:8:20:Infinity:undefined:undefined:undefined:undefined":2,"s:18:8:20:Infinity":8,"s:19:12:19:Infinity":9,"b:22:8:24:Infinity:undefined:undefined:undefined:undefined":3,"s:22:8:24:Infinity":10,"s:23:12:23:Infinity":11,"b:26:8:28:Infinity:undefined:undefined:undefined:undefined":4,"s:26:8:28:Infinity":12,"s:27:12:27:Infinity":13,"f:32:4:32:11":2,"b:33:8:35:Infinity:undefined:undefined:undefined:undefined":5,"s:33:8:35:Infinity":14,"s:34:12:34:Infinity":15,"b:37:8:39:Infinity:undefined:undefined:undefined:undefined":6,"s:37:8:39:Infinity":16,"s:38:12:38:Infinity":17,"s:41:8:41:Infinity":18}}}
,"C:\\Users\\JR\\pep\\projeto event pass\\Catalog\\src\\Usecases\\buscar\\BuscarEventoPorIdUseCase.ts": {"path":"C:\\Users\\JR\\pep\\projeto event pass\\Catalog\\src\\Usecases\\buscar\\BuscarEventoPorIdUseCase.ts","statementMap":{"0":{"start":{"line":7,"column":33},"end":{"line":7,"column":66}},"1":{"start":{"line":10,"column":23},"end":{"line":10,"column":null}},"2":{"start":{"line":11,"column":8},"end":{"line":13,"column":9}},"3":{"start":{"line":12,"column":12},"end":{"line":12,"column":null}},"4":{"start":{"line":14,"column":8},"end":{"line":20,"column":null}}},"fnMap":{"0":{"name":"constructor","decl":{"start":{"line":7,"column":4},"end":{"line":7,"column":16}},"loc":{"start":{"line":7,"column":66},"end":{"line":7,"column":null}},"line":7},"1":{"name":"execute","decl":{"start":{"line":9,"column":10},"end":{"line":9,"column":18}},"loc":{"start":{"line":9,"column":96},"end":{"line":21,"column":null}},"line":9}},"branchMap":{"0":{"loc":{"start":{"line":11,"column":8},"end":{"line":13,"column":9}},"type":"if","locations":[{"start":{"line":11,"column":8},"end":{"line":13,"column":9}},{"start":{},"end":{}}],"line":11}},"s":{"0":2,"1":2,"2":2,"3":1,"4":1},"f":{"0":2,"1":2},"b":{"0":[1,1]},"meta":{"lastBranch":1,"lastFunction":2,"lastStatement":5,"seen":{"f:7:4:7:16":0,"s:7:33:7:66":0,"f:9:10:9:18":1,"s:10:23:10:Infinity":1,"b:11:8:13:9:undefined:undefined:undefined:undefined":0,"s:11:8:13:9":2,"s:12:12:12:Infinity":3,"s:14:8:20:Infinity":4}}}
,"C:\\Users\\JR\\pep\\projeto event pass\\Catalog\\src\\Usecases\\criar\\CriarEventoUseCase.ts": {"path":"C:\\Users\\JR\\pep\\projeto event pass\\Catalog\\src\\Usecases\\criar\\CriarEventoUseCase.ts","statementMap":{"0":{"start":{"line":9,"column":16},"end":{"line":9,"column":null}},"1":{"start":{"line":12,"column":29},"end":{"line":12,"column":null}},"2":{"start":{"line":13,"column":22},"end":{"line":13,"column":null}},"3":{"start":{"line":16,"column":8},"end":{"line":18,"column":null}},"4":{"start":{"line":17,"column":12},"end":{"line":17,"column":null}},"5":{"start":{"line":20,"column":27},"end":{"line":26,"column":null}},"6":{"start":{"line":27,"column":8},"end":{"line":27,"column":null}},"7":{"start":{"line":28,"column":8},"end":{"line":34,"column":null}}},"fnMap":{"0":{"name":"constructor","decl":{"start":{"line":8,"column":4},"end":{"line":8,"column":null}},"loc":{"start":{"line":10,"column":6},"end":{"line":10,"column":null}},"line":10},"1":{"name":"executar","decl":{"start":{"line":11,"column":10},"end":{"line":11,"column":19}},"loc":{"start":{"line":11,"column":80},"end":{"line":35,"column":null}},"line":11}},"branchMap":{"0":{"loc":{"start":{"line":16,"column":8},"end":{"line":18,"column":null}},"type":"if","locations":[{"start":{"line":16,"column":8},"end":{"line":18,"column":null}},{"start":{},"end":{}}],"line":16}},"s":{"0":3,"1":3,"2":3,"3":3,"4":1,"5":2,"6":2,"7":1},"f":{"0":3,"1":3},"b":{"0":[1,2]},"meta":{"lastBranch":1,"lastFunction":2,"lastStatement":8,"seen":{"f:8:4:8:Infinity":0,"s:9:16:9:Infinity":0,"f:11:10:11:19":1,"s:12:29:12:Infinity":1,"s:13:22:13:Infinity":2,"b:16:8:18:Infinity:undefined:undefined:undefined:undefined":0,"s:16:8:18:Infinity":3,"s:17:12:17:Infinity":4,"s:20:27:26:Infinity":5,"s:27:8:27:Infinity":6,"s:28:8:34:Infinity":7}}}
}
